{"C:\\Users\\RUDRAKSHI\\OneDrive\\Desktop\\carbon\\src\\App.jsx": {"path":"C:\\Users\\RUDRAKSHI\\OneDrive\\Desktop\\carbon\\src\\App.jsx","statementMap":{"0":{"start":{"line":31,"column":4},"end":{"line":32,"column":null}},"1":{"start":{"line":34,"column":8},"end":{"line":34,"column":null}},"2":{"start":{"line":37,"column":21},"end":{"line":37,"column":null}},"3":{"start":{"line":38,"column":21},"end":{"line":38,"column":null}},"4":{"start":{"line":39,"column":20},"end":{"line":39,"column":null}},"5":{"start":{"line":40,"column":22},"end":{"line":40,"column":null}},"6":{"start":{"line":43,"column":8},"end":{"line":43,"column":null}},"7":{"start":{"line":44,"column":8},"end":{"line":46,"column":null}},"8":{"start":{"line":45,"column":4},"end":{"line":45,"column":null}},"9":{"start":{"line":45,"column":32},"end":{"line":45,"column":69}},"10":{"start":{"line":49,"column":8},"end":{"line":52,"column":null}},"11":{"start":{"line":49,"column":22},"end":{"line":50,"column":null}},"12":{"start":{"line":55,"column":8},"end":{"line":55,"column":null}},"13":{"start":{"line":55,"column":20},"end":{"line":55,"column":64}},"14":{"start":{"line":56,"column":24},"end":{"line":56,"column":null}},"15":{"start":{"line":59,"column":2},"end":{"line":72,"column":null}},"16":{"start":{"line":60,"column":4},"end":{"line":70,"column":null}},"17":{"start":{"line":63,"column":10},"end":{"line":63,"column":null}},"18":{"start":{"line":64,"column":10},"end":{"line":68,"column":null}},"19":{"start":{"line":75,"column":8},"end":{"line":96,"column":null}},"20":{"start":{"line":76,"column":4},"end":{"line":76,"column":null}},"21":{"start":{"line":79,"column":4},"end":{"line":85,"column":null}},"22":{"start":{"line":80,"column":6},"end":{"line":84,"column":null}},"23":{"start":{"line":81,"column":8},"end":{"line":81,"column":null}},"24":{"start":{"line":83,"column":8},"end":{"line":83,"column":null}},"25":{"start":{"line":88,"column":19},"end":{"line":88,"column":null}},"26":{"start":{"line":89,"column":4},"end":{"line":95,"column":null}},"27":{"start":{"line":98,"column":8},"end":{"line":116,"column":null}},"28":{"start":{"line":99,"column":4},"end":{"line":115,"column":null}},"29":{"start":{"line":100,"column":22},"end":{"line":100,"column":null}},"30":{"start":{"line":101,"column":6},"end":{"line":114,"column":null}},"31":{"start":{"line":102,"column":21},"end":{"line":102,"column":null}},"32":{"start":{"line":103,"column":8},"end":{"line":103,"column":null}},"33":{"start":{"line":104,"column":8},"end":{"line":104,"column":null}},"34":{"start":{"line":105,"column":8},"end":{"line":105,"column":null}},"35":{"start":{"line":106,"column":8},"end":{"line":106,"column":null}},"36":{"start":{"line":107,"column":8},"end":{"line":107,"column":null}},"37":{"start":{"line":109,"column":8},"end":{"line":113,"column":null}},"38":{"start":{"line":119,"column":2},"end":{"line":341,"column":null}},"39":{"start":{"line":126,"column":10},"end":{"line":128,"column":null}},"40":{"start":{"line":127,"column":12},"end":{"line":127,"column":null}},"41":{"start":{"line":140,"column":12},"end":{"line":146,"column":null}},"42":{"start":{"line":145,"column":31},"end":{"line":145,"column":null}},"43":{"start":{"line":205,"column":37},"end":{"line":205,"column":null}},"44":{"start":{"line":217,"column":37},"end":{"line":217,"column":null}},"45":{"start":{"line":235,"column":37},"end":{"line":235,"column":null}},"46":{"start":{"line":249,"column":37},"end":{"line":249,"column":null}},"47":{"start":{"line":265,"column":18},"end":{"line":267,"column":null}},"48":{"start":{"line":266,"column":20},"end":{"line":266,"column":null}},"49":{"start":{"line":268,"column":18},"end":{"line":272,"column":null}}},"fnMap":{"0":{"name":"App","decl":{"start":{"line":23,"column":9},"end":{"line":23,"column":15}},"loc":{"start":{"line":23,"column":15},"end":{"line":343,"column":null}},"line":23},"1":{"name":"(anonymous_1)","decl":{"start":{"line":44,"column":30},"end":{"line":44,"column":44}},"loc":{"start":{"line":44,"column":44},"end":{"line":46,"column":5}},"line":44},"2":{"name":"(anonymous_2)","decl":{"start":{"line":45,"column":22},"end":{"line":45,"column":27}},"loc":{"start":{"line":45,"column":32},"end":{"line":45,"column":69}},"line":45},"3":{"name":"(anonymous_3)","decl":{"start":{"line":49,"column":22},"end":{"line":49,"column":null}},"loc":{"start":{"line":49,"column":22},"end":{"line":50,"column":null}},"line":49},"4":{"name":"(anonymous_4)","decl":{"start":{"line":55,"column":20},"end":{"line":55,"column":34}},"loc":{"start":{"line":55,"column":20},"end":{"line":55,"column":64}},"line":55},"5":{"name":"(anonymous_5)","decl":{"start":{"line":62,"column":8},"end":{"line":62,"column":21}},"loc":{"start":{"line":62,"column":34},"end":{"line":69,"column":null}},"line":62},"6":{"name":"(anonymous_6)","decl":{"start":{"line":75,"column":8},"end":{"line":75,"column":21}},"loc":{"start":{"line":75,"column":34},"end":{"line":96,"column":null}},"line":75},"7":{"name":"(anonymous_7)","decl":{"start":{"line":98,"column":8},"end":{"line":98,"column":34}},"loc":{"start":{"line":98,"column":34},"end":{"line":116,"column":null}},"line":98},"8":{"name":"(anonymous_8)","decl":{"start":{"line":125,"column":8},"end":{"line":125,"column":23}},"loc":{"start":{"line":125,"column":23},"end":{"line":129,"column":null}},"line":125},"9":{"name":"(anonymous_9)","decl":{"start":{"line":139,"column":36},"end":{"line":139,"column":41}},"loc":{"start":{"line":140,"column":12},"end":{"line":146,"column":null}},"line":140},"10":{"name":"(anonymous_10)","decl":{"start":{"line":145,"column":14},"end":{"line":145,"column":31}},"loc":{"start":{"line":145,"column":31},"end":{"line":145,"column":null}},"line":145},"11":{"name":"(anonymous_11)","decl":{"start":{"line":205,"column":22},"end":{"line":205,"column":37}},"loc":{"start":{"line":205,"column":37},"end":{"line":205,"column":null}},"line":205},"12":{"name":"(anonymous_12)","decl":{"start":{"line":217,"column":20},"end":{"line":217,"column":31}},"loc":{"start":{"line":217,"column":37},"end":{"line":217,"column":null}},"line":217},"13":{"name":"(anonymous_13)","decl":{"start":{"line":235,"column":20},"end":{"line":235,"column":31}},"loc":{"start":{"line":235,"column":37},"end":{"line":235,"column":null}},"line":235},"14":{"name":"(anonymous_14)","decl":{"start":{"line":249,"column":22},"end":{"line":249,"column":37}},"loc":{"start":{"line":249,"column":37},"end":{"line":249,"column":null}},"line":249},"15":{"name":"(anonymous_15)","decl":{"start":{"line":264,"column":16},"end":{"line":264,"column":43}},"loc":{"start":{"line":264,"column":43},"end":{"line":273,"column":null}},"line":264}},"branchMap":{"0":{"loc":{"start":{"line":45,"column":32},"end":{"line":45,"column":69}},"type":"binary-expr","locations":[{"start":{"line":45,"column":32},"end":{"line":45,"column":42}},{"start":{"line":45,"column":42},"end":{"line":45,"column":69}}],"line":45},"1":{"loc":{"start":{"line":56,"column":24},"end":{"line":56,"column":null}},"type":"binary-expr","locations":[{"start":{"line":56,"column":24},"end":{"line":56,"column":63}},{"start":{"line":56,"column":63},"end":{"line":56,"column":null}}],"line":56},"2":{"loc":{"start":{"line":59,"column":2},"end":{"line":72,"column":null}},"type":"if","locations":[{"start":{"line":59,"column":2},"end":{"line":72,"column":null}},{"start":{},"end":{}}],"line":59},"3":{"loc":{"start":{"line":79,"column":4},"end":{"line":85,"column":null}},"type":"if","locations":[{"start":{"line":79,"column":4},"end":{"line":85,"column":null}},{"start":{},"end":{}}],"line":79},"4":{"loc":{"start":{"line":80,"column":6},"end":{"line":84,"column":null}},"type":"if","locations":[{"start":{"line":80,"column":6},"end":{"line":84,"column":null}},{"start":{"line":82,"column":13},"end":{"line":84,"column":null}}],"line":80},"5":{"loc":{"start":{"line":90,"column":15},"end":{"line":92,"column":null}},"type":"cond-expr","locations":[{"start":{"line":91,"column":10},"end":{"line":91,"column":null}},{"start":{"line":92,"column":10},"end":{"line":92,"column":null}}],"line":90},"6":{"loc":{"start":{"line":93,"column":12},"end":{"line":93,"column":null}},"type":"cond-expr","locations":[{"start":{"line":93,"column":21},"end":{"line":93,"column":33}},{"start":{"line":93,"column":33},"end":{"line":93,"column":null}}],"line":93},"7":{"loc":{"start":{"line":94,"column":12},"end":{"line":94,"column":null}},"type":"cond-expr","locations":[{"start":{"line":94,"column":21},"end":{"line":94,"column":28}},{"start":{"line":94,"column":28},"end":{"line":94,"column":null}}],"line":94},"8":{"loc":{"start":{"line":99,"column":4},"end":{"line":115,"column":null}},"type":"if","locations":[{"start":{"line":99,"column":4},"end":{"line":115,"column":null}},{"start":{},"end":{}}],"line":99},"9":{"loc":{"start":{"line":101,"column":6},"end":{"line":114,"column":null}},"type":"if","locations":[{"start":{"line":101,"column":6},"end":{"line":114,"column":null}},{"start":{},"end":{}}],"line":101},"10":{"loc":{"start":{"line":126,"column":10},"end":{"line":128,"column":null}},"type":"if","locations":[{"start":{"line":126,"column":10},"end":{"line":128,"column":null}},{"start":{},"end":{}}],"line":126},"11":{"loc":{"start":{"line":137,"column":7},"end":{"line":148,"column":null}},"type":"binary-expr","locations":[{"start":{"line":137,"column":7},"end":{"line":137,"column":null}},{"start":{"line":138,"column":8},"end":{"line":148,"column":null}}],"line":137},"12":{"loc":{"start":{"line":155,"column":35},"end":{"line":155,"column":null}},"type":"cond-expr","locations":[{"start":{"line":155,"column":67},"end":{"line":155,"column":90}},{"start":{"line":155,"column":90},"end":{"line":155,"column":null}}],"line":155},"13":{"loc":{"start":{"line":183,"column":26},"end":{"line":183,"column":null}},"type":"cond-expr","locations":[{"start":{"line":183,"column":39},"end":{"line":183,"column":46}},{"start":{"line":183,"column":46},"end":{"line":183,"column":null}}],"line":183},"14":{"loc":{"start":{"line":189,"column":130},"end":{"line":189,"column":233}},"type":"cond-expr","locations":[{"start":{"line":189,"column":162},"end":{"line":189,"column":177}},{"start":{"line":189,"column":177},"end":{"line":189,"column":233}}],"line":189},"15":{"loc":{"start":{"line":189,"column":177},"end":{"line":189,"column":233}},"type":"cond-expr","locations":[{"start":{"line":189,"column":209},"end":{"line":189,"column":222}},{"start":{"line":189,"column":222},"end":{"line":189,"column":233}}],"line":189},"16":{"loc":{"start":{"line":189,"column":244},"end":{"line":189,"column":null}},"type":"cond-expr","locations":[{"start":{"line":189,"column":279},"end":{"line":189,"column":294}},{"start":{"line":189,"column":294},"end":{"line":189,"column":null}}],"line":189},"17":{"loc":{"start":{"line":189,"column":294},"end":{"line":189,"column":null}},"type":"cond-expr","locations":[{"start":{"line":189,"column":329},"end":{"line":189,"column":343}},{"start":{"line":189,"column":343},"end":{"line":189,"column":null}}],"line":189},"18":{"loc":{"start":{"line":201,"column":47},"end":{"line":201,"column":120}},"type":"cond-expr","locations":[{"start":{"line":201,"column":60},"end":{"line":201,"column":81}},{"start":{"line":201,"column":81},"end":{"line":201,"column":120}}],"line":201},"19":{"loc":{"start":{"line":204,"column":60},"end":{"line":204,"column":null}},"type":"cond-expr","locations":[{"start":{"line":204,"column":73},"end":{"line":204,"column":78}},{"start":{"line":204,"column":78},"end":{"line":204,"column":null}}],"line":204},"20":{"loc":{"start":{"line":207,"column":23},"end":{"line":207,"column":null}},"type":"cond-expr","locations":[{"start":{"line":207,"column":36},"end":{"line":207,"column":50}},{"start":{"line":207,"column":50},"end":{"line":207,"column":null}}],"line":207},"21":{"loc":{"start":{"line":216,"column":27},"end":{"line":216,"column":null}},"type":"cond-expr","locations":[{"start":{"line":216,"column":40},"end":{"line":216,"column":64}},{"start":{"line":216,"column":64},"end":{"line":216,"column":null}}],"line":216},"22":{"loc":{"start":{"line":248,"column":47},"end":{"line":248,"column":null}},"type":"cond-expr","locations":[{"start":{"line":248,"column":61},"end":{"line":248,"column":80}},{"start":{"line":248,"column":80},"end":{"line":248,"column":null}}],"line":248},"23":{"loc":{"start":{"line":265,"column":18},"end":{"line":267,"column":null}},"type":"if","locations":[{"start":{"line":265,"column":18},"end":{"line":267,"column":null}},{"start":{},"end":{}}],"line":265},"24":{"loc":{"start":{"line":281,"column":35},"end":{"line":281,"column":null}},"type":"cond-expr","locations":[{"start":{"line":281,"column":63},"end":{"line":281,"column":86}},{"start":{"line":281,"column":86},"end":{"line":281,"column":null}}],"line":281},"25":{"loc":{"start":{"line":296,"column":35},"end":{"line":296,"column":null}},"type":"cond-expr","locations":[{"start":{"line":296,"column":69},"end":{"line":296,"column":92}},{"start":{"line":296,"column":92},"end":{"line":296,"column":null}}],"line":296},"26":{"loc":{"start":{"line":312,"column":35},"end":{"line":312,"column":null}},"type":"cond-expr","locations":[{"start":{"line":312,"column":66},"end":{"line":312,"column":89}},{"start":{"line":312,"column":89},"end":{"line":312,"column":null}}],"line":312},"27":{"loc":{"start":{"line":327,"column":35},"end":{"line":327,"column":null}},"type":"cond-expr","locations":[{"start":{"line":327,"column":71},"end":{"line":327,"column":94}},{"start":{"line":327,"column":94},"end":{"line":327,"column":null}}],"line":327}},"s":{"0":0,"1":0,"2":0,"3":0,"4":0,"5":0,"6":0,"7":0,"8":0,"9":0,"10":0,"11":0,"12":0,"13":0,"14":0,"15":0,"16":0,"17":0,"18":0,"19":0,"20":0,"21":0,"22":0,"23":0,"24":0,"25":0,"26":0,"27":0,"28":0,"29":0,"30":0,"31":0,"32":0,"33":0,"34":0,"35":0,"36":0,"37":0,"38":0,"39":0,"40":0,"41":0,"42":0,"43":0,"44":0,"45":0,"46":0,"47":0,"48":0,"49":0},"f":{"0":0,"1":0,"2":0,"3":0,"4":0,"5":0,"6":0,"7":0,"8":0,"9":0,"10":0,"11":0,"12":0,"13":0,"14":0,"15":0},"b":{"0":[0,0],"1":[0,0],"2":[0,0],"3":[0,0],"4":[0,0],"5":[0,0],"6":[0,0],"7":[0,0],"8":[0,0],"9":[0,0],"10":[0,0],"11":[0,0],"12":[0,0],"13":[0,0],"14":[0,0],"15":[0,0],"16":[0,0],"17":[0,0],"18":[0,0],"19":[0,0],"20":[0,0],"21":[0,0],"22":[0,0],"23":[0,0],"24":[0,0],"25":[0,0],"26":[0,0],"27":[0,0]},"meta":{"lastBranch":28,"lastFunction":16,"lastStatement":50,"seen":{"f:23:9:23:15":0,"s:31:4:32:Infinity":0,"s:34:8:34:Infinity":1,"s:37:21:37:Infinity":2,"s:38:21:38:Infinity":3,"s:39:20:39:Infinity":4,"s:40:22:40:Infinity":5,"s:43:8:43:Infinity":6,"s:44:8:46:Infinity":7,"f:44:30:44:44":1,"s:45:4:45:Infinity":8,"f:45:22:45:27":2,"s:45:32:45:69":9,"b:45:32:45:42:45:42:45:69":0,"s:49:8:52:Infinity":10,"f:49:22:49:Infinity":3,"s:49:22:50:Infinity":11,"s:55:8:55:Infinity":12,"f:55:20:55:34":4,"s:55:20:55:64":13,"s:56:24:56:Infinity":14,"b:56:24:56:63:56:63:56:Infinity":1,"b:59:2:72:Infinity:undefined:undefined:undefined:undefined":2,"s:59:2:72:Infinity":15,"s:60:4:70:Infinity":16,"f:62:8:62:21":5,"s:63:10:63:Infinity":17,"s:64:10:68:Infinity":18,"s:75:8:96:Infinity":19,"f:75:8:75:21":6,"s:76:4:76:Infinity":20,"b:79:4:85:Infinity:undefined:undefined:undefined:undefined":3,"s:79:4:85:Infinity":21,"b:80:6:84:Infinity:82:13:84:Infinity":4,"s:80:6:84:Infinity":22,"s:81:8:81:Infinity":23,"s:83:8:83:Infinity":24,"s:88:19:88:Infinity":25,"s:89:4:95:Infinity":26,"b:91:10:91:Infinity:92:10:92:Infinity":5,"b:93:21:93:33:93:33:93:Infinity":6,"b:94:21:94:28:94:28:94:Infinity":7,"s:98:8:116:Infinity":27,"f:98:8:98:34":7,"b:99:4:115:Infinity:undefined:undefined:undefined:undefined":8,"s:99:4:115:Infinity":28,"s:100:22:100:Infinity":29,"b:101:6:114:Infinity:undefined:undefined:undefined:undefined":9,"s:101:6:114:Infinity":30,"s:102:21:102:Infinity":31,"s:103:8:103:Infinity":32,"s:104:8:104:Infinity":33,"s:105:8:105:Infinity":34,"s:106:8:106:Infinity":35,"s:107:8:107:Infinity":36,"s:109:8:113:Infinity":37,"s:119:2:341:Infinity":38,"f:125:8:125:23":8,"b:126:10:128:Infinity:undefined:undefined:undefined:undefined":10,"s:126:10:128:Infinity":39,"s:127:12:127:Infinity":40,"b:137:7:137:Infinity:138:8:148:Infinity":11,"f:139:36:139:41":9,"s:140:12:146:Infinity":41,"f:145:14:145:31":10,"s:145:31:145:Infinity":42,"b:155:67:155:90:155:90:155:Infinity":12,"b:183:39:183:46:183:46:183:Infinity":13,"b:189:162:189:177:189:177:189:233":14,"b:189:209:189:222:189:222:189:233":15,"b:189:279:189:294:189:294:189:Infinity":16,"b:189:329:189:343:189:343:189:Infinity":17,"b:201:60:201:81:201:81:201:120":18,"b:204:73:204:78:204:78:204:Infinity":19,"f:205:22:205:37":11,"s:205:37:205:Infinity":43,"b:207:36:207:50:207:50:207:Infinity":20,"b:216:40:216:64:216:64:216:Infinity":21,"f:217:20:217:31":12,"s:217:37:217:Infinity":44,"f:235:20:235:31":13,"s:235:37:235:Infinity":45,"b:248:61:248:80:248:80:248:Infinity":22,"f:249:22:249:37":14,"s:249:37:249:Infinity":46,"f:264:16:264:43":15,"b:265:18:267:Infinity:undefined:undefined:undefined:undefined":23,"s:265:18:267:Infinity":47,"s:266:20:266:Infinity":48,"s:268:18:272:Infinity":49,"b:281:63:281:86:281:86:281:Infinity":24,"b:296:69:296:92:296:92:296:Infinity":25,"b:312:66:312:89:312:89:312:Infinity":26,"b:327:71:327:94:327:94:327:Infinity":27},"fnNames":{}}}
,"C:\\Users\\RUDRAKSHI\\OneDrive\\Desktop\\carbon\\src\\main.jsx": {"path":"C:\\Users\\RUDRAKSHI\\OneDrive\\Desktop\\carbon\\src\\main.jsx","statementMap":{"0":{"start":{"line":7,"column":0},"end":{"line":13,"column":null}}},"fnMap":{},"branchMap":{},"s":{"0":0},"f":{},"b":{},"meta":{"lastBranch":0,"lastFunction":0,"lastStatement":1,"seen":{"s:7:0:13:Infinity":0},"fnNames":{}}}
,"C:\\Users\\RUDRAKSHI\\OneDrive\\Desktop\\carbon\\src\\components\\Dashboard\\Dashboard.jsx": {"path":"C:\\Users\\RUDRAKSHI\\OneDrive\\Desktop\\carbon\\src\\components\\Dashboard\\Dashboard.jsx","statementMap":{"0":{"start":{"line":12,"column":24},"end":{"line":17,"column":null}},"1":{"start":{"line":28,"column":8},"end":{"line":28,"column":null}},"2":{"start":{"line":29,"column":20},"end":{"line":29,"column":null}},"3":{"start":{"line":29,"column":39},"end":{"line":29,"column":67}},"4":{"start":{"line":30,"column":21},"end":{"line":30,"column":null}},"5":{"start":{"line":30,"column":48},"end":{"line":30,"column":71}},"6":{"start":{"line":31,"column":23},"end":{"line":31,"column":null}},"7":{"start":{"line":34,"column":23},"end":{"line":34,"column":null}},"8":{"start":{"line":35,"column":21},"end":{"line":35,"column":null}},"9":{"start":{"line":36,"column":20},"end":{"line":36,"column":null}},"10":{"start":{"line":37,"column":26},"end":{"line":37,"column":null}},"11":{"start":{"line":38,"column":24},"end":{"line":38,"column":null}},"12":{"start":{"line":39,"column":21},"end":{"line":39,"column":null}},"13":{"start":{"line":42,"column":8},"end":{"line":51,"column":null}},"14":{"start":{"line":43,"column":19},"end":{"line":43,"column":null}},"15":{"start":{"line":44,"column":4},"end":{"line":49,"column":null}},"16":{"start":{"line":45,"column":6},"end":{"line":45,"column":null}},"17":{"start":{"line":46,"column":6},"end":{"line":46,"column":null}},"18":{"start":{"line":47,"column":6},"end":{"line":47,"column":null}},"19":{"start":{"line":48,"column":6},"end":{"line":48,"column":null}},"20":{"start":{"line":50,"column":4},"end":{"line":50,"column":null}},"21":{"start":{"line":53,"column":8},"end":{"line":53,"column":null}},"22":{"start":{"line":56,"column":8},"end":{"line":56,"column":null}},"23":{"start":{"line":56,"column":23},"end":{"line":56,"column":60}},"24":{"start":{"line":57,"column":8},"end":{"line":57,"column":null}},"25":{"start":{"line":57,"column":20},"end":{"line":57,"column":58}},"26":{"start":{"line":58,"column":20},"end":{"line":58,"column":null}},"27":{"start":{"line":58,"column":56},"end":{"line":58,"column":63}},"28":{"start":{"line":61,"column":8},"end":{"line":61,"column":null}},"29":{"start":{"line":61,"column":19},"end":{"line":61,"column":72}},"30":{"start":{"line":63,"column":2},"end":{"line":198,"column":null}},"31":{"start":{"line":105,"column":12},"end":{"line":118,"column":null}},"32":{"start":{"line":128,"column":12},"end":{"line":146,"column":null}},"33":{"start":{"line":166,"column":12},"end":{"line":169,"column":null}}},"fnMap":{"0":{"name":"Dashboard","decl":{"start":{"line":26,"column":24},"end":{"line":26,"column":34}},"loc":{"start":{"line":26,"column":148},"end":{"line":200,"column":null}},"line":26},"1":{"name":"(anonymous_1)","decl":{"start":{"line":29,"column":25},"end":{"line":29,"column":33}},"loc":{"start":{"line":29,"column":39},"end":{"line":29,"column":67}},"line":29},"2":{"name":"(anonymous_2)","decl":{"start":{"line":30,"column":31},"end":{"line":30,"column":39}},"loc":{"start":{"line":30,"column":48},"end":{"line":30,"column":71}},"line":30},"3":{"name":"(anonymous_3)","decl":{"start":{"line":42,"column":25},"end":{"line":42,"column":39}},"loc":{"start":{"line":42,"column":39},"end":{"line":51,"column":5}},"line":42},"4":{"name":"(anonymous_4)","decl":{"start":{"line":44,"column":14},"end":{"line":44,"column":23}},"loc":{"start":{"line":44,"column":29},"end":{"line":49,"column":5}},"line":44},"5":{"name":"(anonymous_5)","decl":{"start":{"line":56,"column":23},"end":{"line":56,"column":37}},"loc":{"start":{"line":56,"column":23},"end":{"line":56,"column":60}},"line":56},"6":{"name":"(anonymous_6)","decl":{"start":{"line":57,"column":20},"end":{"line":57,"column":34}},"loc":{"start":{"line":57,"column":20},"end":{"line":57,"column":58}},"line":57},"7":{"name":"(anonymous_7)","decl":{"start":{"line":58,"column":45},"end":{"line":58,"column":50}},"loc":{"start":{"line":58,"column":56},"end":{"line":58,"column":63}},"line":58},"8":{"name":"(anonymous_8)","decl":{"start":{"line":61,"column":19},"end":{"line":61,"column":33}},"loc":{"start":{"line":61,"column":19},"end":{"line":61,"column":72}},"line":61},"9":{"name":"(anonymous_9)","decl":{"start":{"line":104,"column":43},"end":{"line":104,"column":48}},"loc":{"start":{"line":105,"column":12},"end":{"line":118,"column":null}},"line":105},"10":{"name":"(anonymous_10)","decl":{"start":{"line":127,"column":24},"end":{"line":127,"column":29}},"loc":{"start":{"line":128,"column":12},"end":{"line":146,"column":null}},"line":128},"11":{"name":"(anonymous_11)","decl":{"start":{"line":165,"column":20},"end":{"line":165,"column":25}},"loc":{"start":{"line":166,"column":12},"end":{"line":169,"column":null}},"line":166}},"branchMap":{"0":{"loc":{"start":{"line":26,"column":36},"end":{"line":26,"column":47}},"type":"default-arg","locations":[{"start":{"line":26,"column":43},"end":{"line":26,"column":47}}],"line":26},"1":{"loc":{"start":{"line":26,"column":47},"end":{"line":26,"column":82}},"type":"default-arg","locations":[{"start":{"line":26,"column":57},"end":{"line":26,"column":82}}],"line":26},"2":{"loc":{"start":{"line":26,"column":82},"end":{"line":26,"column":102}},"type":"default-arg","locations":[{"start":{"line":26,"column":98},"end":{"line":26,"column":102}}],"line":26},"3":{"loc":{"start":{"line":26,"column":102},"end":{"line":26,"column":121}},"type":"default-arg","locations":[{"start":{"line":26,"column":117},"end":{"line":26,"column":121}}],"line":26},"4":{"loc":{"start":{"line":26,"column":121},"end":{"line":26,"column":148}},"type":"default-arg","locations":[{"start":{"line":26,"column":132},"end":{"line":26,"column":148}}],"line":26},"5":{"loc":{"start":{"line":30,"column":53},"end":{"line":30,"column":71}},"type":"binary-expr","locations":[{"start":{"line":30,"column":53},"end":{"line":30,"column":67}},{"start":{"line":30,"column":67},"end":{"line":30,"column":71}}],"line":30},"6":{"loc":{"start":{"line":35,"column":21},"end":{"line":35,"column":null}},"type":"cond-expr","locations":[{"start":{"line":35,"column":41},"end":{"line":35,"column":53}},{"start":{"line":35,"column":53},"end":{"line":35,"column":null}}],"line":35},"7":{"loc":{"start":{"line":35,"column":53},"end":{"line":35,"column":null}},"type":"cond-expr","locations":[{"start":{"line":35,"column":73},"end":{"line":35,"column":85}},{"start":{"line":35,"column":85},"end":{"line":35,"column":null}}],"line":35},"8":{"loc":{"start":{"line":36,"column":20},"end":{"line":36,"column":null}},"type":"cond-expr","locations":[{"start":{"line":36,"column":40},"end":{"line":36,"column":47}},{"start":{"line":36,"column":47},"end":{"line":36,"column":null}}],"line":36},"9":{"loc":{"start":{"line":36,"column":47},"end":{"line":36,"column":null}},"type":"cond-expr","locations":[{"start":{"line":36,"column":67},"end":{"line":36,"column":74}},{"start":{"line":36,"column":74},"end":{"line":36,"column":null}}],"line":36},"10":{"loc":{"start":{"line":37,"column":26},"end":{"line":37,"column":null}},"type":"cond-expr","locations":[{"start":{"line":37,"column":46},"end":{"line":37,"column":60}},{"start":{"line":37,"column":60},"end":{"line":37,"column":null}}],"line":37},"11":{"loc":{"start":{"line":37,"column":60},"end":{"line":37,"column":null}},"type":"cond-expr","locations":[{"start":{"line":37,"column":80},"end":{"line":37,"column":89}},{"start":{"line":37,"column":89},"end":{"line":37,"column":null}}],"line":37},"12":{"loc":{"start":{"line":45,"column":26},"end":{"line":45,"column":null}},"type":"binary-expr","locations":[{"start":{"line":45,"column":26},"end":{"line":45,"column":41}},{"start":{"line":45,"column":41},"end":{"line":45,"column":null}}],"line":45},"13":{"loc":{"start":{"line":46,"column":21},"end":{"line":46,"column":null}},"type":"binary-expr","locations":[{"start":{"line":46,"column":21},"end":{"line":46,"column":31}},{"start":{"line":46,"column":31},"end":{"line":46,"column":null}}],"line":46},"14":{"loc":{"start":{"line":47,"column":23},"end":{"line":47,"column":null}},"type":"binary-expr","locations":[{"start":{"line":47,"column":23},"end":{"line":47,"column":35}},{"start":{"line":47,"column":35},"end":{"line":47,"column":null}}],"line":47},"15":{"loc":{"start":{"line":48,"column":25},"end":{"line":48,"column":null}},"type":"binary-expr","locations":[{"start":{"line":48,"column":25},"end":{"line":48,"column":39}},{"start":{"line":48,"column":39},"end":{"line":48,"column":null}}],"line":48},"16":{"loc":{"start":{"line":94,"column":11},"end":{"line":96,"column":null}},"type":"cond-expr","locations":[{"start":{"line":95,"column":14},"end":{"line":95,"column":null}},{"start":{"line":96,"column":14},"end":{"line":96,"column":null}}],"line":94},"17":{"loc":{"start":{"line":112,"column":30},"end":{"line":112,"column":52}},"type":"binary-expr","locations":[{"start":{"line":112,"column":30},"end":{"line":112,"column":50}},{"start":{"line":112,"column":50},"end":{"line":112,"column":52}}],"line":112},"18":{"loc":{"start":{"line":117,"column":48},"end":{"line":117,"column":70}},"type":"binary-expr","locations":[{"start":{"line":117,"column":48},"end":{"line":117,"column":68}},{"start":{"line":117,"column":68},"end":{"line":117,"column":70}}],"line":117},"19":{"loc":{"start":{"line":131,"column":47},"end":{"line":131,"column":null}},"type":"cond-expr","locations":[{"start":{"line":131,"column":71},"end":{"line":131,"column":97}},{"start":{"line":131,"column":97},"end":{"line":131,"column":null}}],"line":131},"20":{"loc":{"start":{"line":139,"column":17},"end":{"line":142,"column":null}},"type":"binary-expr","locations":[{"start":{"line":139,"column":17},"end":{"line":139,"column":null}},{"start":{"line":140,"column":18},"end":{"line":142,"column":null}}],"line":139},"21":{"loc":{"start":{"line":143,"column":51},"end":{"line":143,"column":null}},"type":"cond-expr","locations":[{"start":{"line":143,"column":75},"end":{"line":143,"column":103}},{"start":{"line":143,"column":103},"end":{"line":143,"column":null}}],"line":143},"22":{"loc":{"start":{"line":149,"column":11},"end":{"line":158,"column":null}},"type":"binary-expr","locations":[{"start":{"line":149,"column":11},"end":{"line":149,"column":null}},{"start":{"line":150,"column":12},"end":{"line":158,"column":null}}],"line":149},"23":{"loc":{"start":{"line":178,"column":13},"end":{"line":178,"column":null}},"type":"cond-expr","locations":[{"start":{"line":178,"column":35},"end":{"line":178,"column":42}},{"start":{"line":178,"column":42},"end":{"line":178,"column":null}}],"line":178}},"s":{"0":1,"1":6,"2":6,"3":3,"4":6,"5":3,"6":6,"7":6,"8":6,"9":6,"10":6,"11":6,"12":6,"13":6,"14":6,"15":6,"16":3,"17":3,"18":3,"19":3,"20":6,"21":6,"22":6,"23":6,"24":6,"25":6,"26":6,"27":42,"28":6,"29":6,"30":6,"31":24,"32":42,"33":6},"f":{"0":6,"1":3,"2":3,"3":6,"4":3,"5":6,"6":6,"7":42,"8":6,"9":24,"10":42,"11":6},"b":{"0":[6],"1":[6],"2":[6],"3":[6],"4":[6],"5":[3,0],"6":[5,1],"7":[0,1],"8":[5,1],"9":[0,1],"10":[5,1],"11":[0,1],"12":[3,3],"13":[3,3],"14":[3,3],"15":[3,3],"16":[3,3],"17":[24,24],"18":[24,24],"19":[6,36],"20":[42,3],"21":[6,36],"22":[6,3],"23":[3,3]},"meta":{"lastBranch":24,"lastFunction":12,"lastStatement":34,"seen":{"s:12:24:17:Infinity":0,"f:26:24:26:34":0,"b:26:43:26:47":0,"b:26:57:26:82":1,"b:26:98:26:102":2,"b:26:117:26:121":3,"b:26:132:26:148":4,"s:28:8:28:Infinity":1,"s:29:20:29:Infinity":2,"f:29:25:29:33":1,"s:29:39:29:67":3,"s:30:21:30:Infinity":4,"f:30:31:30:39":2,"s:30:48:30:71":5,"b:30:53:30:67:30:67:30:71":5,"s:31:23:31:Infinity":6,"s:34:23:34:Infinity":7,"s:35:21:35:Infinity":8,"b:35:41:35:53:35:53:35:Infinity":6,"b:35:73:35:85:35:85:35:Infinity":7,"s:36:20:36:Infinity":9,"b:36:40:36:47:36:47:36:Infinity":8,"b:36:67:36:74:36:74:36:Infinity":9,"s:37:26:37:Infinity":10,"b:37:46:37:60:37:60:37:Infinity":10,"b:37:80:37:89:37:89:37:Infinity":11,"s:38:24:38:Infinity":11,"s:39:21:39:Infinity":12,"s:42:8:51:Infinity":13,"f:42:25:42:39":3,"s:43:19:43:Infinity":14,"s:44:4:49:Infinity":15,"f:44:14:44:23":4,"s:45:6:45:Infinity":16,"b:45:26:45:41:45:41:45:Infinity":12,"s:46:6:46:Infinity":17,"b:46:21:46:31:46:31:46:Infinity":13,"s:47:6:47:Infinity":18,"b:47:23:47:35:47:35:47:Infinity":14,"s:48:6:48:Infinity":19,"b:48:25:48:39:48:39:48:Infinity":15,"s:50:4:50:Infinity":20,"s:53:8:53:Infinity":21,"s:56:8:56:Infinity":22,"f:56:23:56:37":5,"s:56:23:56:60":23,"s:57:8:57:Infinity":24,"f:57:20:57:34":6,"s:57:20:57:58":25,"s:58:20:58:Infinity":26,"f:58:45:58:50":7,"s:58:56:58:63":27,"s:61:8:61:Infinity":28,"f:61:19:61:33":8,"s:61:19:61:72":29,"s:63:2:198:Infinity":30,"b:95:14:95:Infinity:96:14:96:Infinity":16,"f:104:43:104:48":9,"s:105:12:118:Infinity":31,"b:112:30:112:50:112:50:112:52":17,"b:117:48:117:68:117:68:117:70":18,"f:127:24:127:29":10,"s:128:12:146:Infinity":32,"b:131:71:131:97:131:97:131:Infinity":19,"b:139:17:139:Infinity:140:18:142:Infinity":20,"b:143:75:143:103:143:103:143:Infinity":21,"b:149:11:149:Infinity:150:12:158:Infinity":22,"f:165:20:165:25":11,"s:166:12:169:Infinity":33,"b:178:35:178:42:178:42:178:Infinity":23},"fnNames":{}}}
,"C:\\Users\\RUDRAKSHI\\OneDrive\\Desktop\\carbon\\src\\components\\Dashboard\\WeeklyStory.jsx": {"path":"C:\\Users\\RUDRAKSHI\\OneDrive\\Desktop\\carbon\\src\\components\\Dashboard\\WeeklyStory.jsx","statementMap":{"0":{"start":{"line":18,"column":21},"end":{"line":18,"column":null}},"1":{"start":{"line":18,"column":46},"end":{"line":18,"column":57}},"2":{"start":{"line":19,"column":2},"end":{"line":21,"column":null}},"3":{"start":{"line":20,"column":4},"end":{"line":20,"column":null}},"4":{"start":{"line":23,"column":19},"end":{"line":23,"column":null}},"5":{"start":{"line":23,"column":47},"end":{"line":23,"column":60}},"6":{"start":{"line":24,"column":8},"end":{"line":24,"column":null}},"7":{"start":{"line":25,"column":18},"end":{"line":25,"column":null}},"8":{"start":{"line":25,"column":49},"end":{"line":25,"column":66}},"9":{"start":{"line":26,"column":19},"end":{"line":26,"column":null}},"10":{"start":{"line":26,"column":50},"end":{"line":26,"column":67}},"11":{"start":{"line":28,"column":16},"end":{"line":28,"column":null}},"12":{"start":{"line":31,"column":2},"end":{"line":37,"column":null}},"13":{"start":{"line":32,"column":4},"end":{"line":32,"column":null}},"14":{"start":{"line":33,"column":9},"end":{"line":37,"column":null}},"15":{"start":{"line":34,"column":4},"end":{"line":34,"column":null}},"16":{"start":{"line":36,"column":4},"end":{"line":36,"column":null}},"17":{"start":{"line":40,"column":2},"end":{"line":42,"column":null}},"18":{"start":{"line":41,"column":4},"end":{"line":41,"column":null}},"19":{"start":{"line":45,"column":2},"end":{"line":47,"column":null}},"20":{"start":{"line":46,"column":4},"end":{"line":46,"column":null}},"21":{"start":{"line":50,"column":8},"end":{"line":50,"column":null}},"22":{"start":{"line":51,"column":2},"end":{"line":53,"column":null}},"23":{"start":{"line":52,"column":4},"end":{"line":52,"column":null}},"24":{"start":{"line":56,"column":2},"end":{"line":60,"column":null}},"25":{"start":{"line":57,"column":4},"end":{"line":57,"column":null}},"26":{"start":{"line":59,"column":4},"end":{"line":59,"column":null}},"27":{"start":{"line":62,"column":2},"end":{"line":62,"column":null}},"28":{"start":{"line":72,"column":23},"end":{"line":72,"column":null}},"29":{"start":{"line":73,"column":16},"end":{"line":73,"column":null}},"30":{"start":{"line":74,"column":22},"end":{"line":74,"column":null}},"31":{"start":{"line":75,"column":23},"end":{"line":75,"column":null}},"32":{"start":{"line":77,"column":8},"end":{"line":80,"column":null}},"33":{"start":{"line":78,"column":10},"end":{"line":78,"column":null}},"34":{"start":{"line":82,"column":23},"end":{"line":82,"column":null}},"35":{"start":{"line":84,"column":8},"end":{"line":88,"column":null}},"36":{"start":{"line":85,"column":16},"end":{"line":85,"column":null}},"37":{"start":{"line":86,"column":4},"end":{"line":86,"column":null}},"38":{"start":{"line":87,"column":4},"end":{"line":87,"column":null}},"39":{"start":{"line":90,"column":25},"end":{"line":170,"column":null}},"40":{"start":{"line":91,"column":4},"end":{"line":91,"column":null}},"41":{"start":{"line":92,"column":4},"end":{"line":92,"column":null}},"42":{"start":{"line":94,"column":10},"end":{"line":94,"column":null}},"43":{"start":{"line":95,"column":4},"end":{"line":102,"column":null}},"44":{"start":{"line":96,"column":6},"end":{"line":96,"column":null}},"45":{"start":{"line":98,"column":6},"end":{"line":98,"column":null}},"46":{"start":{"line":98,"column":37},"end":{"line":98,"column":62}},"47":{"start":{"line":99,"column":6},"end":{"line":99,"column":null}},"48":{"start":{"line":100,"column":6},"end":{"line":100,"column":null}},"49":{"start":{"line":101,"column":6},"end":{"line":101,"column":null}},"50":{"start":{"line":104,"column":4},"end":{"line":169,"column":null}},"51":{"start":{"line":105,"column":25},"end":{"line":105,"column":null}},"52":{"start":{"line":105,"column":50},"end":{"line":105,"column":61}},"53":{"start":{"line":106,"column":23},"end":{"line":106,"column":null}},"54":{"start":{"line":106,"column":51},"end":{"line":106,"column":64}},"55":{"start":{"line":107,"column":21},"end":{"line":107,"column":null}},"56":{"start":{"line":108,"column":22},"end":{"line":108,"column":null}},"57":{"start":{"line":108,"column":53},"end":{"line":108,"column":70}},"58":{"start":{"line":109,"column":23},"end":{"line":109,"column":null}},"59":{"start":{"line":109,"column":54},"end":{"line":109,"column":71}},"60":{"start":{"line":111,"column":25},"end":{"line":125,"column":null}},"61":{"start":{"line":128,"column":23},"end":{"line":151,"column":null}},"62":{"start":{"line":153,"column":6},"end":{"line":155,"column":null}},"63":{"start":{"line":154,"column":8},"end":{"line":154,"column":null}},"64":{"start":{"line":157,"column":19},"end":{"line":157,"column":null}},"65":{"start":{"line":158,"column":19},"end":{"line":158,"column":null}},"66":{"start":{"line":159,"column":6},"end":{"line":163,"column":null}},"67":{"start":{"line":160,"column":8},"end":{"line":160,"column":null}},"68":{"start":{"line":162,"column":8},"end":{"line":162,"column":null}},"69":{"start":{"line":165,"column":6},"end":{"line":165,"column":null}},"70":{"start":{"line":166,"column":6},"end":{"line":166,"column":null}},"71":{"start":{"line":168,"column":6},"end":{"line":168,"column":null}},"72":{"start":{"line":172,"column":2},"end":{"line":230,"column":null}},"73":{"start":{"line":205,"column":25},"end":{"line":205,"column":null}}},"fnMap":{"0":{"name":"generateTemplateStory","decl":{"start":{"line":17,"column":9},"end":{"line":17,"column":31}},"loc":{"start":{"line":17,"column":63},"end":{"line":63,"column":null}},"line":17},"1":{"name":"(anonymous_1)","decl":{"start":{"line":18,"column":32},"end":{"line":18,"column":40}},"loc":{"start":{"line":18,"column":46},"end":{"line":18,"column":57}},"line":18},"2":{"name":"(anonymous_2)","decl":{"start":{"line":23,"column":30},"end":{"line":23,"column":38}},"loc":{"start":{"line":23,"column":47},"end":{"line":23,"column":60}},"line":23},"3":{"name":"(anonymous_3)","decl":{"start":{"line":25,"column":34},"end":{"line":25,"column":40}},"loc":{"start":{"line":25,"column":49},"end":{"line":25,"column":66}},"line":25},"4":{"name":"(anonymous_4)","decl":{"start":{"line":26,"column":35},"end":{"line":26,"column":41}},"loc":{"start":{"line":26,"column":50},"end":{"line":26,"column":67}},"line":26},"5":{"name":"WeeklyStory","decl":{"start":{"line":71,"column":24},"end":{"line":71,"column":36}},"loc":{"start":{"line":71,"column":112},"end":{"line":232,"column":null}},"line":71},"6":{"name":"(anonymous_6)","decl":{"start":{"line":77,"column":24},"end":{"line":77,"column":null}},"loc":{"start":{"line":78,"column":10},"end":{"line":78,"column":null}},"line":78},"7":{"name":"(anonymous_7)","decl":{"start":{"line":84,"column":8},"end":{"line":84,"column":25}},"loc":{"start":{"line":84,"column":31},"end":{"line":88,"column":null}},"line":84},"8":{"name":"(anonymous_8)","decl":{"start":{"line":90,"column":25},"end":{"line":90,"column":37}},"loc":{"start":{"line":90,"column":37},"end":{"line":170,"column":null}},"line":90},"9":{"name":"(anonymous_9)","decl":{"start":{"line":98,"column":16},"end":{"line":98,"column":25}},"loc":{"start":{"line":98,"column":37},"end":{"line":98,"column":62}},"line":98},"10":{"name":"(anonymous_10)","decl":{"start":{"line":105,"column":36},"end":{"line":105,"column":44}},"loc":{"start":{"line":105,"column":50},"end":{"line":105,"column":61}},"line":105},"11":{"name":"(anonymous_11)","decl":{"start":{"line":106,"column":34},"end":{"line":106,"column":42}},"loc":{"start":{"line":106,"column":51},"end":{"line":106,"column":64}},"line":106},"12":{"name":"(anonymous_12)","decl":{"start":{"line":108,"column":38},"end":{"line":108,"column":44}},"loc":{"start":{"line":108,"column":53},"end":{"line":108,"column":70}},"line":108},"13":{"name":"(anonymous_13)","decl":{"start":{"line":109,"column":39},"end":{"line":109,"column":45}},"loc":{"start":{"line":109,"column":54},"end":{"line":109,"column":71}},"line":109},"14":{"name":"(anonymous_14)","decl":{"start":{"line":205,"column":10},"end":{"line":205,"column":25}},"loc":{"start":{"line":205,"column":25},"end":{"line":205,"column":null}},"line":205}},"branchMap":{"0":{"loc":{"start":{"line":19,"column":2},"end":{"line":21,"column":null}},"type":"if","locations":[{"start":{"line":19,"column":2},"end":{"line":21,"column":null}},{"start":{},"end":{}}],"line":19},"1":{"loc":{"start":{"line":31,"column":2},"end":{"line":37,"column":null}},"type":"if","locations":[{"start":{"line":31,"column":2},"end":{"line":37,"column":null}},{"start":{"line":33,"column":9},"end":{"line":37,"column":null}}],"line":31},"2":{"loc":{"start":{"line":33,"column":9},"end":{"line":37,"column":null}},"type":"if","locations":[{"start":{"line":33,"column":9},"end":{"line":37,"column":null}},{"start":{"line":35,"column":9},"end":{"line":37,"column":null}}],"line":33},"3":{"loc":{"start":{"line":40,"column":2},"end":{"line":42,"column":null}},"type":"if","locations":[{"start":{"line":40,"column":2},"end":{"line":42,"column":null}},{"start":{},"end":{}}],"line":40},"4":{"loc":{"start":{"line":45,"column":2},"end":{"line":47,"column":null}},"type":"if","locations":[{"start":{"line":45,"column":2},"end":{"line":47,"column":null}},{"start":{},"end":{}}],"line":45},"5":{"loc":{"start":{"line":45,"column":6},"end":{"line":45,"column":51}},"type":"binary-expr","locations":[{"start":{"line":45,"column":6},"end":{"line":45,"column":18}},{"start":{"line":45,"column":18},"end":{"line":45,"column":51}}],"line":45},"6":{"loc":{"start":{"line":51,"column":2},"end":{"line":53,"column":null}},"type":"if","locations":[{"start":{"line":51,"column":2},"end":{"line":53,"column":null}},{"start":{},"end":{}}],"line":51},"7":{"loc":{"start":{"line":56,"column":2},"end":{"line":60,"column":null}},"type":"if","locations":[{"start":{"line":56,"column":2},"end":{"line":60,"column":null}},{"start":{"line":58,"column":9},"end":{"line":60,"column":null}}],"line":56},"8":{"loc":{"start":{"line":71,"column":38},"end":{"line":71,"column":55}},"type":"default-arg","locations":[{"start":{"line":71,"column":51},"end":{"line":71,"column":55}}],"line":71},"9":{"loc":{"start":{"line":71,"column":55},"end":{"line":71,"column":74}},"type":"default-arg","locations":[{"start":{"line":71,"column":70},"end":{"line":71,"column":74}}],"line":71},"10":{"loc":{"start":{"line":71,"column":74},"end":{"line":71,"column":85}},"type":"default-arg","locations":[{"start":{"line":71,"column":81},"end":{"line":71,"column":85}}],"line":71},"11":{"loc":{"start":{"line":71,"column":85},"end":{"line":71,"column":112}},"type":"default-arg","locations":[{"start":{"line":71,"column":96},"end":{"line":71,"column":112}}],"line":71},"12":{"loc":{"start":{"line":74,"column":49},"end":{"line":74,"column":93}},"type":"binary-expr","locations":[{"start":{"line":74,"column":49},"end":{"line":74,"column":91}},{"start":{"line":74,"column":91},"end":{"line":74,"column":93}}],"line":74},"13":{"loc":{"start":{"line":82,"column":23},"end":{"line":82,"column":null}},"type":"binary-expr","locations":[{"start":{"line":82,"column":23},"end":{"line":82,"column":32}},{"start":{"line":82,"column":32},"end":{"line":82,"column":null}}],"line":82},"14":{"loc":{"start":{"line":94,"column":20},"end":{"line":94,"column":105}},"type":"binary-expr","locations":[{"start":{"line":94,"column":20},"end":{"line":94,"column":59}},{"start":{"line":94,"column":59},"end":{"line":94,"column":101}},{"start":{"line":94,"column":101},"end":{"line":94,"column":105}}],"line":94},"15":{"loc":{"start":{"line":95,"column":4},"end":{"line":102,"column":null}},"type":"if","locations":[{"start":{"line":95,"column":4},"end":{"line":102,"column":null}},{"start":{},"end":{}}],"line":95},"16":{"loc":{"start":{"line":107,"column":21},"end":{"line":107,"column":null}},"type":"cond-expr","locations":[{"start":{"line":107,"column":41},"end":{"line":107,"column":89}},{"start":{"line":107,"column":89},"end":{"line":107,"column":null}}],"line":107},"17":{"loc":{"start":{"line":119,"column":12},"end":{"line":119,"column":null}},"type":"cond-expr","locations":[{"start":{"line":119,"column":22},"end":{"line":119,"column":71}},{"start":{"line":119,"column":71},"end":{"line":119,"column":null}}],"line":119},"18":{"loc":{"start":{"line":120,"column":13},"end":{"line":120,"column":null}},"type":"cond-expr","locations":[{"start":{"line":120,"column":24},"end":{"line":120,"column":75}},{"start":{"line":120,"column":75},"end":{"line":120,"column":null}}],"line":120},"19":{"loc":{"start":{"line":153,"column":6},"end":{"line":155,"column":null}},"type":"if","locations":[{"start":{"line":153,"column":6},"end":{"line":155,"column":null}},{"start":{},"end":{}}],"line":153},"20":{"loc":{"start":{"line":159,"column":6},"end":{"line":163,"column":null}},"type":"if","locations":[{"start":{"line":159,"column":6},"end":{"line":163,"column":null}},{"start":{"line":161,"column":13},"end":{"line":163,"column":null}}],"line":159},"21":{"loc":{"start":{"line":180,"column":9},"end":{"line":188,"column":null}},"type":"cond-expr","locations":[{"start":{"line":181,"column":10},"end":{"line":188,"column":11}},{"start":{"line":188,"column":10},"end":{"line":188,"column":null}}],"line":180},"22":{"loc":{"start":{"line":199,"column":9},"end":{"line":199,"column":null}},"type":"cond-expr","locations":[{"start":{"line":199,"column":24},"end":{"line":199,"column":41}},{"start":{"line":199,"column":41},"end":{"line":199,"column":null}}],"line":199},"23":{"loc":{"start":{"line":209,"column":14},"end":{"line":209,"column":null}},"type":"cond-expr","locations":[{"start":{"line":209,"column":29},"end":{"line":209,"column":51}},{"start":{"line":209,"column":51},"end":{"line":209,"column":null}}],"line":209},"24":{"loc":{"start":{"line":213,"column":7},"end":{"line":228,"column":null}},"type":"binary-expr","locations":[{"start":{"line":213,"column":7},"end":{"line":213,"column":null}},{"start":{"line":214,"column":8},"end":{"line":228,"column":null}}],"line":213}},"s":{"0":6,"1":42,"2":6,"3":3,"4":3,"5":3,"6":3,"7":3,"8":0,"9":3,"10":0,"11":3,"12":3,"13":0,"14":3,"15":0,"16":3,"17":3,"18":3,"19":3,"20":0,"21":3,"22":3,"23":3,"24":3,"25":0,"26":3,"27":3,"28":6,"29":6,"30":6,"31":6,"32":6,"33":6,"34":6,"35":6,"36":0,"37":0,"38":0,"39":6,"40":0,"41":0,"42":0,"43":0,"44":0,"45":0,"46":0,"47":0,"48":0,"49":0,"50":0,"51":0,"52":0,"53":0,"54":0,"55":0,"56":0,"57":0,"58":0,"59":0,"60":0,"61":0,"62":0,"63":0,"64":0,"65":0,"66":0,"67":0,"68":0,"69":0,"70":0,"71":0,"72":6,"73":0},"f":{"0":6,"1":42,"2":3,"3":0,"4":0,"5":6,"6":6,"7":0,"8":0,"9":0,"10":0,"11":0,"12":0,"13":0,"14":0},"b":{"0":[3,3],"1":[0,3],"2":[0,3],"3":[3,0],"4":[0,3],"5":[3,3],"6":[3,0],"7":[0,3],"8":[6],"9":[6],"10":[6],"11":[6],"12":[6,6],"13":[6,6],"14":[0,0,0],"15":[0,0],"16":[0,0],"17":[0,0],"18":[0,0],"19":[0,0],"20":[0,0],"21":[0,6],"22":[0,6],"23":[0,6],"24":[6,0]},"meta":{"lastBranch":25,"lastFunction":15,"lastStatement":74,"seen":{"f:17:9:17:31":0,"s:18:21:18:Infinity":0,"f:18:32:18:40":1,"s:18:46:18:57":1,"b:19:2:21:Infinity:undefined:undefined:undefined:undefined":0,"s:19:2:21:Infinity":2,"s:20:4:20:Infinity":3,"s:23:19:23:Infinity":4,"f:23:30:23:38":2,"s:23:47:23:60":5,"s:24:8:24:Infinity":6,"s:25:18:25:Infinity":7,"f:25:34:25:40":3,"s:25:49:25:66":8,"s:26:19:26:Infinity":9,"f:26:35:26:41":4,"s:26:50:26:67":10,"s:28:16:28:Infinity":11,"b:31:2:37:Infinity:33:9:37:Infinity":1,"s:31:2:37:Infinity":12,"s:32:4:32:Infinity":13,"b:33:9:37:Infinity:35:9:37:Infinity":2,"s:33:9:37:Infinity":14,"s:34:4:34:Infinity":15,"s:36:4:36:Infinity":16,"b:40:2:42:Infinity:undefined:undefined:undefined:undefined":3,"s:40:2:42:Infinity":17,"s:41:4:41:Infinity":18,"b:45:2:47:Infinity:undefined:undefined:undefined:undefined":4,"s:45:2:47:Infinity":19,"b:45:6:45:18:45:18:45:51":5,"s:46:4:46:Infinity":20,"s:50:8:50:Infinity":21,"b:51:2:53:Infinity:undefined:undefined:undefined:undefined":6,"s:51:2:53:Infinity":22,"s:52:4:52:Infinity":23,"b:56:2:60:Infinity:58:9:60:Infinity":7,"s:56:2:60:Infinity":24,"s:57:4:57:Infinity":25,"s:59:4:59:Infinity":26,"s:62:2:62:Infinity":27,"f:71:24:71:36":5,"b:71:51:71:55":8,"b:71:70:71:74":9,"b:71:81:71:85":10,"b:71:96:71:112":11,"s:72:23:72:Infinity":28,"s:73:16:73:Infinity":29,"s:74:22:74:Infinity":30,"b:74:49:74:91:74:91:74:93":12,"s:75:23:75:Infinity":31,"s:77:8:80:Infinity":32,"f:77:24:77:Infinity":6,"s:78:10:78:Infinity":33,"s:82:23:82:Infinity":34,"b:82:23:82:32:82:32:82:Infinity":13,"s:84:8:88:Infinity":35,"f:84:8:84:25":7,"s:85:16:85:Infinity":36,"s:86:4:86:Infinity":37,"s:87:4:87:Infinity":38,"s:90:25:170:Infinity":39,"f:90:25:90:37":8,"s:91:4:91:Infinity":40,"s:92:4:92:Infinity":41,"s:94:10:94:Infinity":42,"b:94:20:94:59:94:59:94:101:94:101:94:105":14,"b:95:4:102:Infinity:undefined:undefined:undefined:undefined":15,"s:95:4:102:Infinity":43,"s:96:6:96:Infinity":44,"s:98:6:98:Infinity":45,"f:98:16:98:25":9,"s:98:37:98:62":46,"s:99:6:99:Infinity":47,"s:100:6:100:Infinity":48,"s:101:6:101:Infinity":49,"s:104:4:169:Infinity":50,"s:105:25:105:Infinity":51,"f:105:36:105:44":10,"s:105:50:105:61":52,"s:106:23:106:Infinity":53,"f:106:34:106:42":11,"s:106:51:106:64":54,"s:107:21:107:Infinity":55,"b:107:41:107:89:107:89:107:Infinity":16,"s:108:22:108:Infinity":56,"f:108:38:108:44":12,"s:108:53:108:70":57,"s:109:23:109:Infinity":58,"f:109:39:109:45":13,"s:109:54:109:71":59,"s:111:25:125:Infinity":60,"b:119:22:119:71:119:71:119:Infinity":17,"b:120:24:120:75:120:75:120:Infinity":18,"s:128:23:151:Infinity":61,"b:153:6:155:Infinity:undefined:undefined:undefined:undefined":19,"s:153:6:155:Infinity":62,"s:154:8:154:Infinity":63,"s:157:19:157:Infinity":64,"s:158:19:158:Infinity":65,"b:159:6:163:Infinity:161:13:163:Infinity":20,"s:159:6:163:Infinity":66,"s:160:8:160:Infinity":67,"s:162:8:162:Infinity":68,"s:165:6:165:Infinity":69,"s:166:6:166:Infinity":70,"s:168:6:168:Infinity":71,"s:172:2:230:Infinity":72,"b:181:10:188:11:188:10:188:Infinity":21,"b:199:24:199:41:199:41:199:Infinity":22,"f:205:10:205:25":14,"s:205:25:205:Infinity":73,"b:209:29:209:51:209:51:209:Infinity":23,"b:213:7:213:Infinity:214:8:228:Infinity":24},"fnNames":{}}}
,"C:\\Users\\RUDRAKSHI\\OneDrive\\Desktop\\carbon\\src\\components\\Habitat\\HabitatCanvas.jsx": {"path":"C:\\Users\\RUDRAKSHI\\OneDrive\\Desktop\\carbon\\src\\components\\Habitat\\HabitatCanvas.jsx","statementMap":{"0":{"start":{"line":12,"column":15},"end":{"line":18,"column":null}},"1":{"start":{"line":21,"column":17},"end":{"line":32,"column":null}},"2":{"start":{"line":36,"column":13},"end":{"line":36,"column":null}},"3":{"start":{"line":37,"column":13},"end":{"line":37,"column":null}},"4":{"start":{"line":39,"column":14},"end":{"line":39,"column":null}},"5":{"start":{"line":40,"column":14},"end":{"line":40,"column":null}},"6":{"start":{"line":41,"column":13},"end":{"line":41,"column":null}},"7":{"start":{"line":43,"column":14},"end":{"line":43,"column":null}},"8":{"start":{"line":44,"column":14},"end":{"line":44,"column":null}},"9":{"start":{"line":45,"column":13},"end":{"line":45,"column":null}},"10":{"start":{"line":47,"column":13},"end":{"line":47,"column":null}},"11":{"start":{"line":48,"column":13},"end":{"line":48,"column":null}},"12":{"start":{"line":49,"column":13},"end":{"line":49,"column":null}},"13":{"start":{"line":51,"column":2},"end":{"line":51,"column":null}},"14":{"start":{"line":56,"column":16},"end":{"line":56,"column":null}},"15":{"start":{"line":56,"column":40},"end":{"line":56,"column":51}},"16":{"start":{"line":57,"column":2},"end":{"line":57,"column":null}},"17":{"start":{"line":57,"column":22},"end":{"line":57,"column":null}},"18":{"start":{"line":58,"column":18},"end":{"line":58,"column":null}},"19":{"start":{"line":60,"column":15},"end":{"line":60,"column":null}},"20":{"start":{"line":61,"column":15},"end":{"line":61,"column":null}},"21":{"start":{"line":63,"column":10},"end":{"line":63,"column":null}},"22":{"start":{"line":64,"column":2},"end":{"line":66,"column":null}},"23":{"start":{"line":65,"column":4},"end":{"line":65,"column":null}},"24":{"start":{"line":68,"column":2},"end":{"line":73,"column":null}},"25":{"start":{"line":78,"column":10},"end":{"line":78,"column":null}},"26":{"start":{"line":79,"column":2},"end":{"line":82,"column":null}},"27":{"start":{"line":80,"column":4},"end":{"line":80,"column":null}},"28":{"start":{"line":81,"column":4},"end":{"line":81,"column":null}},"29":{"start":{"line":85,"column":6},"end":{"line":533,"column":null}},"30":{"start":{"line":92,"column":8},"end":{"line":92,"column":null}},"31":{"start":{"line":93,"column":8},"end":{"line":93,"column":null}},"32":{"start":{"line":94,"column":8},"end":{"line":94,"column":null}},"33":{"start":{"line":95,"column":8},"end":{"line":95,"column":null}},"34":{"start":{"line":96,"column":8},"end":{"line":96,"column":null}},"35":{"start":{"line":99,"column":8},"end":{"line":99,"column":null}},"36":{"start":{"line":100,"column":8},"end":{"line":100,"column":null}},"37":{"start":{"line":102,"column":16},"end":{"line":105,"column":null}},"38":{"start":{"line":108,"column":2},"end":{"line":139,"column":null}},"39":{"start":{"line":108,"column":34},"end":{"line":139,"column":4}},"40":{"start":{"line":110,"column":17},"end":{"line":110,"column":null}},"41":{"start":{"line":111,"column":17},"end":{"line":111,"column":null}},"42":{"start":{"line":112,"column":20},"end":{"line":112,"column":null}},"43":{"start":{"line":114,"column":6},"end":{"line":132,"column":null}},"44":{"start":{"line":114,"column":19},"end":{"line":114,"column":22}},"45":{"start":{"line":115,"column":8},"end":{"line":131,"column":null}},"46":{"start":{"line":135,"column":21},"end":{"line":135,"column":null}},"47":{"start":{"line":136,"column":6},"end":{"line":136,"column":null}},"48":{"start":{"line":136,"column":19},"end":{"line":136,"column":null}},"49":{"start":{"line":137,"column":6},"end":{"line":137,"column":null}},"50":{"start":{"line":142,"column":8},"end":{"line":437,"column":null}},"51":{"start":{"line":144,"column":17},"end":{"line":144,"column":null}},"52":{"start":{"line":145,"column":20},"end":{"line":145,"column":null}},"53":{"start":{"line":146,"column":16},"end":{"line":146,"column":null}},"54":{"start":{"line":148,"column":4},"end":{"line":148,"column":null}},"55":{"start":{"line":151,"column":22},"end":{"line":151,"column":null}},"56":{"start":{"line":152,"column":20},"end":{"line":152,"column":null}},"57":{"start":{"line":153,"column":4},"end":{"line":153,"column":null}},"58":{"start":{"line":154,"column":4},"end":{"line":154,"column":null}},"59":{"start":{"line":155,"column":4},"end":{"line":155,"column":null}},"60":{"start":{"line":156,"column":4},"end":{"line":156,"column":null}},"61":{"start":{"line":157,"column":4},"end":{"line":157,"column":null}},"62":{"start":{"line":158,"column":4},"end":{"line":158,"column":null}},"63":{"start":{"line":161,"column":22},"end":{"line":161,"column":null}},"64":{"start":{"line":162,"column":4},"end":{"line":168,"column":null}},"65":{"start":{"line":163,"column":6},"end":{"line":163,"column":null}},"66":{"start":{"line":164,"column":11},"end":{"line":168,"column":null}},"67":{"start":{"line":165,"column":6},"end":{"line":165,"column":null}},"68":{"start":{"line":166,"column":11},"end":{"line":168,"column":null}},"69":{"start":{"line":167,"column":6},"end":{"line":167,"column":null}},"70":{"start":{"line":170,"column":4},"end":{"line":185,"column":null}},"71":{"start":{"line":171,"column":6},"end":{"line":171,"column":null}},"72":{"start":{"line":172,"column":6},"end":{"line":172,"column":null}},"73":{"start":{"line":173,"column":6},"end":{"line":183,"column":null}},"74":{"start":{"line":173,"column":19},"end":{"line":173,"column":22}},"75":{"start":{"line":174,"column":19},"end":{"line":174,"column":null}},"76":{"start":{"line":175,"column":19},"end":{"line":175,"column":null}},"77":{"start":{"line":176,"column":19},"end":{"line":176,"column":null}},"78":{"start":{"line":177,"column":24},"end":{"line":177,"column":null}},"79":{"start":{"line":178,"column":8},"end":{"line":178,"column":null}},"80":{"start":{"line":179,"column":8},"end":{"line":179,"column":null}},"81":{"start":{"line":180,"column":8},"end":{"line":180,"column":null}},"82":{"start":{"line":181,"column":8},"end":{"line":181,"column":null}},"83":{"start":{"line":182,"column":8},"end":{"line":182,"column":null}},"84":{"start":{"line":184,"column":6},"end":{"line":184,"column":null}},"85":{"start":{"line":188,"column":23},"end":{"line":188,"column":null}},"86":{"start":{"line":192,"column":4},"end":{"line":239,"column":null}},"87":{"start":{"line":194,"column":12},"end":{"line":194,"column":null}},"88":{"start":{"line":195,"column":6},"end":{"line":195,"column":null}},"89":{"start":{"line":196,"column":6},"end":{"line":196,"column":null}},"90":{"start":{"line":199,"column":22},"end":{"line":199,"column":null}},"91":{"start":{"line":200,"column":6},"end":{"line":200,"column":null}},"92":{"start":{"line":201,"column":6},"end":{"line":201,"column":null}},"93":{"start":{"line":202,"column":6},"end":{"line":202,"column":null}},"94":{"start":{"line":203,"column":6},"end":{"line":203,"column":null}},"95":{"start":{"line":204,"column":6},"end":{"line":204,"column":null}},"96":{"start":{"line":205,"column":6},"end":{"line":205,"column":null}},"97":{"start":{"line":206,"column":6},"end":{"line":206,"column":null}},"98":{"start":{"line":208,"column":6},"end":{"line":208,"column":null}},"99":{"start":{"line":209,"column":6},"end":{"line":209,"column":null}},"100":{"start":{"line":210,"column":6},"end":{"line":210,"column":null}},"101":{"start":{"line":211,"column":6},"end":{"line":211,"column":null}},"102":{"start":{"line":214,"column":23},"end":{"line":214,"column":null}},"103":{"start":{"line":215,"column":12},"end":{"line":215,"column":null}},"104":{"start":{"line":216,"column":6},"end":{"line":216,"column":null}},"105":{"start":{"line":217,"column":6},"end":{"line":217,"column":null}},"106":{"start":{"line":220,"column":23},"end":{"line":220,"column":null}},"107":{"start":{"line":221,"column":6},"end":{"line":221,"column":null}},"108":{"start":{"line":222,"column":6},"end":{"line":222,"column":null}},"109":{"start":{"line":223,"column":6},"end":{"line":223,"column":null}},"110":{"start":{"line":224,"column":6},"end":{"line":224,"column":null}},"111":{"start":{"line":225,"column":6},"end":{"line":225,"column":null}},"112":{"start":{"line":226,"column":6},"end":{"line":226,"column":null}},"113":{"start":{"line":229,"column":6},"end":{"line":229,"column":null}},"114":{"start":{"line":230,"column":6},"end":{"line":230,"column":null}},"115":{"start":{"line":231,"column":6},"end":{"line":231,"column":null}},"116":{"start":{"line":232,"column":6},"end":{"line":232,"column":null}},"117":{"start":{"line":235,"column":6},"end":{"line":235,"column":null}},"118":{"start":{"line":236,"column":6},"end":{"line":236,"column":null}},"119":{"start":{"line":237,"column":6},"end":{"line":237,"column":null}},"120":{"start":{"line":238,"column":6},"end":{"line":238,"column":null}},"121":{"start":{"line":242,"column":4},"end":{"line":255,"column":null}},"122":{"start":{"line":243,"column":18},"end":{"line":243,"column":null}},"123":{"start":{"line":244,"column":18},"end":{"line":244,"column":null}},"124":{"start":{"line":245,"column":28},"end":{"line":245,"column":null}},"125":{"start":{"line":246,"column":6},"end":{"line":253,"column":null}},"126":{"start":{"line":247,"column":8},"end":{"line":247,"column":null}},"127":{"start":{"line":248,"column":8},"end":{"line":248,"column":null}},"128":{"start":{"line":249,"column":8},"end":{"line":249,"column":null}},"129":{"start":{"line":250,"column":8},"end":{"line":250,"column":null}},"130":{"start":{"line":251,"column":8},"end":{"line":251,"column":null}},"131":{"start":{"line":252,"column":8},"end":{"line":252,"column":null}},"132":{"start":{"line":254,"column":6},"end":{"line":254,"column":null}},"133":{"start":{"line":258,"column":4},"end":{"line":264,"column":null}},"134":{"start":{"line":258,"column":17},"end":{"line":258,"column":20}},"135":{"start":{"line":259,"column":12},"end":{"line":259,"column":null}},"136":{"start":{"line":260,"column":17},"end":{"line":260,"column":null}},"137":{"start":{"line":261,"column":6},"end":{"line":261,"column":null}},"138":{"start":{"line":262,"column":6},"end":{"line":262,"column":null}},"139":{"start":{"line":263,"column":6},"end":{"line":263,"column":null}},"140":{"start":{"line":265,"column":4},"end":{"line":265,"column":null}},"141":{"start":{"line":268,"column":19},"end":{"line":268,"column":null}},"142":{"start":{"line":269,"column":20},"end":{"line":269,"column":null}},"143":{"start":{"line":270,"column":23},"end":{"line":270,"column":null}},"144":{"start":{"line":271,"column":22},"end":{"line":271,"column":null}},"145":{"start":{"line":272,"column":4},"end":{"line":272,"column":null}},"146":{"start":{"line":273,"column":4},"end":{"line":273,"column":null}},"147":{"start":{"line":274,"column":4},"end":{"line":274,"column":null}},"148":{"start":{"line":277,"column":4},"end":{"line":277,"column":null}},"149":{"start":{"line":278,"column":4},"end":{"line":278,"column":null}},"150":{"start":{"line":279,"column":23},"end":{"line":279,"column":null}},"151":{"start":{"line":280,"column":21},"end":{"line":280,"column":null}},"152":{"start":{"line":281,"column":4},"end":{"line":285,"column":null}},"153":{"start":{"line":281,"column":17},"end":{"line":281,"column":20}},"154":{"start":{"line":282,"column":20},"end":{"line":282,"column":null}},"155":{"start":{"line":283,"column":20},"end":{"line":283,"column":null}},"156":{"start":{"line":284,"column":6},"end":{"line":284,"column":null}},"157":{"start":{"line":286,"column":4},"end":{"line":286,"column":null}},"158":{"start":{"line":287,"column":4},"end":{"line":287,"column":null}},"159":{"start":{"line":288,"column":4},"end":{"line":288,"column":null}},"160":{"start":{"line":289,"column":4},"end":{"line":289,"column":null}},"161":{"start":{"line":292,"column":4},"end":{"line":292,"column":null}},"162":{"start":{"line":293,"column":4},"end":{"line":293,"column":null}},"163":{"start":{"line":294,"column":4},"end":{"line":294,"column":null}},"164":{"start":{"line":295,"column":4},"end":{"line":299,"column":null}},"165":{"start":{"line":295,"column":17},"end":{"line":295,"column":20}},"166":{"start":{"line":296,"column":19},"end":{"line":296,"column":null}},"167":{"start":{"line":297,"column":6},"end":{"line":298,"column":null}},"168":{"start":{"line":297,"column":19},"end":{"line":297,"column":null}},"169":{"start":{"line":298,"column":11},"end":{"line":298,"column":null}},"170":{"start":{"line":300,"column":4},"end":{"line":300,"column":null}},"171":{"start":{"line":303,"column":15},"end":{"line":303,"column":null}},"172":{"start":{"line":304,"column":15},"end":{"line":304,"column":null}},"173":{"start":{"line":305,"column":15},"end":{"line":305,"column":null}},"174":{"start":{"line":306,"column":15},"end":{"line":306,"column":null}},"175":{"start":{"line":309,"column":23},"end":{"line":309,"column":null}},"176":{"start":{"line":310,"column":4},"end":{"line":310,"column":null}},"177":{"start":{"line":311,"column":4},"end":{"line":311,"column":null}},"178":{"start":{"line":312,"column":4},"end":{"line":312,"column":null}},"179":{"start":{"line":313,"column":4},"end":{"line":313,"column":null}},"180":{"start":{"line":314,"column":4},"end":{"line":314,"column":null}},"181":{"start":{"line":315,"column":4},"end":{"line":315,"column":null}},"182":{"start":{"line":316,"column":4},"end":{"line":316,"column":null}},"183":{"start":{"line":319,"column":4},"end":{"line":319,"column":null}},"184":{"start":{"line":320,"column":4},"end":{"line":320,"column":null}},"185":{"start":{"line":321,"column":4},"end":{"line":321,"column":null}},"186":{"start":{"line":322,"column":4},"end":{"line":322,"column":null}},"187":{"start":{"line":325,"column":20},"end":{"line":325,"column":null}},"188":{"start":{"line":326,"column":22},"end":{"line":326,"column":null}},"189":{"start":{"line":327,"column":4},"end":{"line":341,"column":null}},"190":{"start":{"line":327,"column":17},"end":{"line":327,"column":20}},"191":{"start":{"line":328,"column":17},"end":{"line":328,"column":null}},"192":{"start":{"line":329,"column":17},"end":{"line":329,"column":null}},"193":{"start":{"line":332,"column":17},"end":{"line":332,"column":null}},"194":{"start":{"line":333,"column":17},"end":{"line":333,"column":null}},"195":{"start":{"line":334,"column":19},"end":{"line":334,"column":null}},"196":{"start":{"line":336,"column":6},"end":{"line":336,"column":null}},"197":{"start":{"line":336,"column":36},"end":{"line":336,"column":null}},"198":{"start":{"line":338,"column":23},"end":{"line":338,"column":null}},"199":{"start":{"line":339,"column":19},"end":{"line":339,"column":null}},"200":{"start":{"line":340,"column":6},"end":{"line":340,"column":null}},"201":{"start":{"line":344,"column":4},"end":{"line":348,"column":null}},"202":{"start":{"line":345,"column":17},"end":{"line":345,"column":null}},"203":{"start":{"line":346,"column":17},"end":{"line":346,"column":null}},"204":{"start":{"line":347,"column":6},"end":{"line":347,"column":null}},"205":{"start":{"line":351,"column":22},"end":{"line":351,"column":null}},"206":{"start":{"line":352,"column":24},"end":{"line":352,"column":null}},"207":{"start":{"line":353,"column":4},"end":{"line":379,"column":null}},"208":{"start":{"line":353,"column":17},"end":{"line":353,"column":20}},"209":{"start":{"line":354,"column":17},"end":{"line":354,"column":null}},"210":{"start":{"line":355,"column":17},"end":{"line":355,"column":null}},"211":{"start":{"line":358,"column":6},"end":{"line":362,"column":null}},"212":{"start":{"line":359,"column":19},"end":{"line":359,"column":null}},"213":{"start":{"line":360,"column":19},"end":{"line":360,"column":null}},"214":{"start":{"line":361,"column":8},"end":{"line":361,"column":null}},"215":{"start":{"line":361,"column":47},"end":{"line":361,"column":null}},"216":{"start":{"line":364,"column":17},"end":{"line":364,"column":null}},"217":{"start":{"line":365,"column":20},"end":{"line":365,"column":null}},"218":{"start":{"line":366,"column":6},"end":{"line":366,"column":null}},"219":{"start":{"line":367,"column":6},"end":{"line":367,"column":null}},"220":{"start":{"line":368,"column":6},"end":{"line":368,"column":null}},"221":{"start":{"line":369,"column":6},"end":{"line":369,"column":null}},"222":{"start":{"line":370,"column":6},"end":{"line":370,"column":null}},"223":{"start":{"line":373,"column":6},"end":{"line":373,"column":null}},"224":{"start":{"line":374,"column":6},"end":{"line":374,"column":null}},"225":{"start":{"line":375,"column":6},"end":{"line":375,"column":null}},"226":{"start":{"line":376,"column":6},"end":{"line":376,"column":null}},"227":{"start":{"line":377,"column":6},"end":{"line":377,"column":null}},"228":{"start":{"line":378,"column":6},"end":{"line":378,"column":null}},"229":{"start":{"line":380,"column":4},"end":{"line":380,"column":null}},"230":{"start":{"line":383,"column":4},"end":{"line":387,"column":null}},"231":{"start":{"line":383,"column":17},"end":{"line":383,"column":20}},"232":{"start":{"line":384,"column":17},"end":{"line":384,"column":null}},"233":{"start":{"line":385,"column":17},"end":{"line":385,"column":null}},"234":{"start":{"line":386,"column":6},"end":{"line":386,"column":null}},"235":{"start":{"line":390,"column":4},"end":{"line":403,"column":null}},"236":{"start":{"line":391,"column":6},"end":{"line":391,"column":null}},"237":{"start":{"line":392,"column":6},"end":{"line":392,"column":null}},"238":{"start":{"line":395,"column":6},"end":{"line":402,"column":null}},"239":{"start":{"line":395,"column":19},"end":{"line":395,"column":22}},"240":{"start":{"line":396,"column":19},"end":{"line":396,"column":null}},"241":{"start":{"line":397,"column":19},"end":{"line":397,"column":null}},"242":{"start":{"line":398,"column":8},"end":{"line":398,"column":null}},"243":{"start":{"line":399,"column":8},"end":{"line":399,"column":null}},"244":{"start":{"line":400,"column":8},"end":{"line":400,"column":null}},"245":{"start":{"line":401,"column":8},"end":{"line":401,"column":null}},"246":{"start":{"line":406,"column":28},"end":{"line":406,"column":null}},"247":{"start":{"line":407,"column":4},"end":{"line":422,"column":null}},"248":{"start":{"line":408,"column":6},"end":{"line":408,"column":null}},"249":{"start":{"line":409,"column":6},"end":{"line":409,"column":null}},"250":{"start":{"line":410,"column":6},"end":{"line":410,"column":null}},"251":{"start":{"line":411,"column":6},"end":{"line":412,"column":null}},"252":{"start":{"line":411,"column":30},"end":{"line":411,"column":null}},"253":{"start":{"line":412,"column":11},"end":{"line":412,"column":null}},"254":{"start":{"line":414,"column":6},"end":{"line":421,"column":null}},"255":{"start":{"line":415,"column":8},"end":{"line":415,"column":null}},"256":{"start":{"line":416,"column":8},"end":{"line":416,"column":null}},"257":{"start":{"line":417,"column":8},"end":{"line":417,"column":null}},"258":{"start":{"line":418,"column":8},"end":{"line":418,"column":null}},"259":{"start":{"line":419,"column":8},"end":{"line":419,"column":null}},"260":{"start":{"line":420,"column":8},"end":{"line":420,"column":null}},"261":{"start":{"line":423,"column":4},"end":{"line":423,"column":null}},"262":{"start":{"line":424,"column":4},"end":{"line":424,"column":null}},"263":{"start":{"line":440,"column":2},"end":{"line":511,"column":null}},"264":{"start":{"line":441,"column":19},"end":{"line":441,"column":null}},"265":{"start":{"line":442,"column":22},"end":{"line":442,"column":null}},"266":{"start":{"line":443,"column":4},"end":{"line":443,"column":null}},"267":{"start":{"line":443,"column":31},"end":{"line":443,"column":null}},"268":{"start":{"line":445,"column":16},"end":{"line":445,"column":null}},"269":{"start":{"line":446,"column":18},"end":{"line":446,"column":null}},"270":{"start":{"line":449,"column":10},"end":{"line":467,"column":null}},"271":{"start":{"line":451,"column":6},"end":{"line":455,"column":null}},"272":{"start":{"line":452,"column":8},"end":{"line":452,"column":null}},"273":{"start":{"line":454,"column":8},"end":{"line":454,"column":null}},"274":{"start":{"line":458,"column":6},"end":{"line":458,"column":null}},"275":{"start":{"line":458,"column":49},"end":{"line":458,"column":null}},"276":{"start":{"line":460,"column":18},"end":{"line":460,"column":null}},"277":{"start":{"line":461,"column":6},"end":{"line":461,"column":null}},"278":{"start":{"line":462,"column":6},"end":{"line":462,"column":null}},"279":{"start":{"line":463,"column":6},"end":{"line":463,"column":null}},"280":{"start":{"line":465,"column":6},"end":{"line":465,"column":null}},"281":{"start":{"line":466,"column":6},"end":{"line":466,"column":null}},"282":{"start":{"line":469,"column":27},"end":{"line":471,"column":null}},"283":{"start":{"line":470,"column":6},"end":{"line":470,"column":null}},"284":{"start":{"line":472,"column":4},"end":{"line":472,"column":null}},"285":{"start":{"line":475,"column":4},"end":{"line":475,"column":null}},"286":{"start":{"line":477,"column":20},"end":{"line":477,"column":null}},"287":{"start":{"line":479,"column":10},"end":{"line":487,"column":null}},"288":{"start":{"line":480,"column":6},"end":{"line":480,"column":null}},"289":{"start":{"line":480,"column":20},"end":{"line":480,"column":null}},"290":{"start":{"line":482,"column":6},"end":{"line":486,"column":null}},"291":{"start":{"line":483,"column":8},"end":{"line":483,"column":null}},"292":{"start":{"line":484,"column":8},"end":{"line":484,"column":null}},"293":{"start":{"line":485,"column":8},"end":{"line":485,"column":null}},"294":{"start":{"line":489,"column":10},"end":{"line":496,"column":null}},"295":{"start":{"line":490,"column":25},"end":{"line":490,"column":null}},"296":{"start":{"line":491,"column":6},"end":{"line":491,"column":null}},"297":{"start":{"line":493,"column":6},"end":{"line":495,"column":null}},"298":{"start":{"line":494,"column":8},"end":{"line":494,"column":null}},"299":{"start":{"line":498,"column":4},"end":{"line":498,"column":null}},"300":{"start":{"line":500,"column":4},"end":{"line":502,"column":null}},"301":{"start":{"line":501,"column":6},"end":{"line":501,"column":null}},"302":{"start":{"line":503,"column":4},"end":{"line":503,"column":null}},"303":{"start":{"line":503,"column":17},"end":{"line":503,"column":null}},"304":{"start":{"line":505,"column":4},"end":{"line":510,"column":null}},"305":{"start":{"line":506,"column":6},"end":{"line":506,"column":null}},"306":{"start":{"line":507,"column":6},"end":{"line":507,"column":null}},"307":{"start":{"line":508,"column":6},"end":{"line":508,"column":null}},"308":{"start":{"line":509,"column":6},"end":{"line":509,"column":null}},"309":{"start":{"line":509,"column":32},"end":{"line":509,"column":null}},"310":{"start":{"line":513,"column":2},"end":{"line":531,"column":null}},"311":{"start":{"line":537,"column":2},"end":{"line":537,"column":null}},"312":{"start":{"line":538,"column":2},"end":{"line":538,"column":null}},"313":{"start":{"line":539,"column":2},"end":{"line":539,"column":null}},"314":{"start":{"line":540,"column":2},"end":{"line":540,"column":null}},"315":{"start":{"line":541,"column":2},"end":{"line":541,"column":null}},"316":{"start":{"line":542,"column":2},"end":{"line":542,"column":null}},"317":{"start":{"line":547,"column":17},"end":{"line":547,"column":null}},"318":{"start":{"line":548,"column":18},"end":{"line":548,"column":null}},"319":{"start":{"line":551,"column":2},"end":{"line":551,"column":null}},"320":{"start":{"line":552,"column":2},"end":{"line":552,"column":null}},"321":{"start":{"line":555,"column":16},"end":{"line":555,"column":null}},"322":{"start":{"line":556,"column":2},"end":{"line":556,"column":null}},"323":{"start":{"line":557,"column":2},"end":{"line":557,"column":null}},"324":{"start":{"line":558,"column":2},"end":{"line":558,"column":null}},"325":{"start":{"line":559,"column":2},"end":{"line":559,"column":null}},"326":{"start":{"line":560,"column":2},"end":{"line":560,"column":null}},"327":{"start":{"line":561,"column":2},"end":{"line":561,"column":null}},"328":{"start":{"line":562,"column":2},"end":{"line":562,"column":null}},"329":{"start":{"line":563,"column":2},"end":{"line":563,"column":null}},"330":{"start":{"line":564,"column":2},"end":{"line":564,"column":null}},"331":{"start":{"line":565,"column":2},"end":{"line":565,"column":null}},"332":{"start":{"line":570,"column":19},"end":{"line":570,"column":null}},"333":{"start":{"line":571,"column":20},"end":{"line":571,"column":null}},"334":{"start":{"line":572,"column":2},"end":{"line":572,"column":null}},"335":{"start":{"line":573,"column":2},"end":{"line":573,"column":null}},"336":{"start":{"line":574,"column":2},"end":{"line":574,"column":null}},"337":{"start":{"line":575,"column":2},"end":{"line":575,"column":null}},"338":{"start":{"line":576,"column":2},"end":{"line":576,"column":null}},"339":{"start":{"line":577,"column":2},"end":{"line":577,"column":null}},"340":{"start":{"line":578,"column":2},"end":{"line":578,"column":null}},"341":{"start":{"line":579,"column":2},"end":{"line":579,"column":null}},"342":{"start":{"line":584,"column":2},"end":{"line":584,"column":null}},"343":{"start":{"line":585,"column":2},"end":{"line":585,"column":null}},"344":{"start":{"line":588,"column":2},"end":{"line":588,"column":null}},"345":{"start":{"line":589,"column":2},"end":{"line":589,"column":null}},"346":{"start":{"line":590,"column":2},"end":{"line":590,"column":null}},"347":{"start":{"line":591,"column":2},"end":{"line":591,"column":null}},"348":{"start":{"line":592,"column":2},"end":{"line":592,"column":null}},"349":{"start":{"line":593,"column":2},"end":{"line":593,"column":null}},"350":{"start":{"line":594,"column":2},"end":{"line":594,"column":null}},"351":{"start":{"line":595,"column":2},"end":{"line":595,"column":null}},"352":{"start":{"line":598,"column":2},"end":{"line":598,"column":null}},"353":{"start":{"line":599,"column":2},"end":{"line":599,"column":null}},"354":{"start":{"line":600,"column":2},"end":{"line":600,"column":null}},"355":{"start":{"line":601,"column":2},"end":{"line":601,"column":null}},"356":{"start":{"line":604,"column":21},"end":{"line":604,"column":null}},"357":{"start":{"line":605,"column":2},"end":{"line":605,"column":null}},"358":{"start":{"line":606,"column":2},"end":{"line":606,"column":null}},"359":{"start":{"line":607,"column":2},"end":{"line":607,"column":null}},"360":{"start":{"line":609,"column":2},"end":{"line":618,"column":null}},"361":{"start":{"line":609,"column":15},"end":{"line":609,"column":18}},"362":{"start":{"line":610,"column":18},"end":{"line":610,"column":null}},"363":{"start":{"line":611,"column":4},"end":{"line":611,"column":null}},"364":{"start":{"line":612,"column":4},"end":{"line":612,"column":null}},"365":{"start":{"line":613,"column":4},"end":{"line":616,"column":null}},"366":{"start":{"line":617,"column":4},"end":{"line":617,"column":null}},"367":{"start":{"line":620,"column":2},"end":{"line":620,"column":null}},"368":{"start":{"line":625,"column":2},"end":{"line":625,"column":null}},"369":{"start":{"line":626,"column":2},"end":{"line":626,"column":null}},"370":{"start":{"line":628,"column":2},"end":{"line":746,"column":null}},"371":{"start":{"line":631,"column":4},"end":{"line":631,"column":null}},"372":{"start":{"line":632,"column":4},"end":{"line":632,"column":null}},"373":{"start":{"line":635,"column":4},"end":{"line":635,"column":null}},"374":{"start":{"line":636,"column":4},"end":{"line":636,"column":null}},"375":{"start":{"line":637,"column":4},"end":{"line":637,"column":null}},"376":{"start":{"line":638,"column":4},"end":{"line":638,"column":null}},"377":{"start":{"line":639,"column":4},"end":{"line":639,"column":null}},"378":{"start":{"line":640,"column":4},"end":{"line":640,"column":null}},"379":{"start":{"line":641,"column":4},"end":{"line":641,"column":null}},"380":{"start":{"line":642,"column":4},"end":{"line":642,"column":null}},"381":{"start":{"line":645,"column":4},"end":{"line":645,"column":null}},"382":{"start":{"line":646,"column":4},"end":{"line":646,"column":null}},"383":{"start":{"line":647,"column":4},"end":{"line":647,"column":null}},"384":{"start":{"line":648,"column":4},"end":{"line":648,"column":null}},"385":{"start":{"line":649,"column":4},"end":{"line":649,"column":null}},"386":{"start":{"line":650,"column":4},"end":{"line":650,"column":null}},"387":{"start":{"line":651,"column":4},"end":{"line":651,"column":null}},"388":{"start":{"line":654,"column":4},"end":{"line":654,"column":null}},"389":{"start":{"line":655,"column":4},"end":{"line":655,"column":null}},"390":{"start":{"line":658,"column":4},"end":{"line":658,"column":null}},"391":{"start":{"line":659,"column":4},"end":{"line":659,"column":null}},"392":{"start":{"line":661,"column":25},"end":{"line":661,"column":null}},"393":{"start":{"line":662,"column":4},"end":{"line":662,"column":null}},"394":{"start":{"line":663,"column":4},"end":{"line":663,"column":null}},"395":{"start":{"line":664,"column":4},"end":{"line":664,"column":null}},"396":{"start":{"line":665,"column":4},"end":{"line":665,"column":null}},"397":{"start":{"line":667,"column":9},"end":{"line":746,"column":null}},"398":{"start":{"line":670,"column":4},"end":{"line":670,"column":null}},"399":{"start":{"line":671,"column":4},"end":{"line":671,"column":null}},"400":{"start":{"line":673,"column":4},"end":{"line":673,"column":null}},"401":{"start":{"line":674,"column":4},"end":{"line":674,"column":null}},"402":{"start":{"line":675,"column":4},"end":{"line":680,"column":null}},"403":{"start":{"line":675,"column":17},"end":{"line":675,"column":20}},"404":{"start":{"line":676,"column":6},"end":{"line":676,"column":null}},"405":{"start":{"line":677,"column":6},"end":{"line":677,"column":null}},"406":{"start":{"line":678,"column":6},"end":{"line":678,"column":null}},"407":{"start":{"line":679,"column":6},"end":{"line":679,"column":null}},"408":{"start":{"line":683,"column":4},"end":{"line":683,"column":null}},"409":{"start":{"line":684,"column":4},"end":{"line":684,"column":null}},"410":{"start":{"line":685,"column":4},"end":{"line":685,"column":null}},"411":{"start":{"line":686,"column":4},"end":{"line":686,"column":null}},"412":{"start":{"line":687,"column":4},"end":{"line":687,"column":null}},"413":{"start":{"line":688,"column":4},"end":{"line":688,"column":null}},"414":{"start":{"line":689,"column":4},"end":{"line":689,"column":null}},"415":{"start":{"line":692,"column":4},"end":{"line":692,"column":null}},"416":{"start":{"line":693,"column":4},"end":{"line":693,"column":null}},"417":{"start":{"line":696,"column":4},"end":{"line":696,"column":null}},"418":{"start":{"line":697,"column":4},"end":{"line":697,"column":null}},"419":{"start":{"line":698,"column":4},"end":{"line":698,"column":null}},"420":{"start":{"line":699,"column":4},"end":{"line":699,"column":null}},"421":{"start":{"line":700,"column":4},"end":{"line":700,"column":null}},"422":{"start":{"line":703,"column":4},"end":{"line":703,"column":null}},"423":{"start":{"line":704,"column":4},"end":{"line":704,"column":null}},"424":{"start":{"line":706,"column":25},"end":
[...]
e":"binary-expr","locations":[{"start":{"line":45,"column":18},"end":{"line":45,"column":34}},{"start":{"line":45,"column":34},"end":{"line":45,"column":null}}],"line":45},"9":{"loc":{"start":{"line":49,"column":2},"end":{"line":56,"column":null}},"type":"if","locations":[{"start":{"line":49,"column":2},"end":{"line":56,"column":null}},{"start":{},"end":{}}],"line":49},"10":{"loc":{"start":{"line":49,"column":6},"end":{"line":49,"column":61}},"type":"binary-expr","locations":[{"start":{"line":49,"column":6},"end":{"line":49,"column":24}},{"start":{"line":49,"column":24},"end":{"line":49,"column":61}}],"line":49},"11":{"loc":{"start":{"line":60,"column":4},"end":{"line":60,"column":null}},"type":"if","locations":[{"start":{"line":60,"column":4},"end":{"line":60,"column":null}},{"start":{},"end":{}}],"line":60},"12":{"loc":{"start":{"line":63,"column":7},"end":{"line":63,"column":24}},"type":"binary-expr","locations":[{"start":{"line":63,"column":7},"end":{"line":63,"column":20}},{"start":{"line":63,"column":20},"end":{"line":63,"column":24}}],"line":63},"13":{"loc":{"start":{"line":69,"column":29},"end":{"line":69,"column":null}},"type":"binary-expr","locations":[{"start":{"line":69,"column":29},"end":{"line":69,"column":50}},{"start":{"line":69,"column":50},"end":{"line":69,"column":null}}],"line":69},"14":{"loc":{"start":{"line":73,"column":2},"end":{"line":91,"column":null}},"type":"if","locations":[{"start":{"line":73,"column":2},"end":{"line":91,"column":null}},{"start":{},"end":{}}],"line":73},"15":{"loc":{"start":{"line":73,"column":6},"end":{"line":73,"column":40}},"type":"binary-expr","locations":[{"start":{"line":73,"column":6},"end":{"line":73,"column":24}},{"start":{"line":73,"column":24},"end":{"line":73,"column":40}}],"line":73},"16":{"loc":{"start":{"line":74,"column":4},"end":{"line":90,"column":null}},"type":"if","locations":[{"start":{"line":74,"column":4},"end":{"line":90,"column":null}},{"start":{"line":80,"column":11},"end":{"line":90,"column":null}}],"line":74},"17":{"loc":{"start":{"line":94,"column":2},"end":{"line":117,"column":null}},"type":"if","locations":[{"start":{"line":94,"column":2},"end":{"line":117,"column":null}},{"start":{},"end":{}}],"line":94},"18":{"loc":{"start":{"line":99,"column":38},"end":{"line":99,"column":56}},"type":"binary-expr","locations":[{"start":{"line":99,"column":38},"end":{"line":99,"column":52}},{"start":{"line":99,"column":52},"end":{"line":99,"column":56}}],"line":99},"19":{"loc":{"start":{"line":101,"column":39},"end":{"line":101,"column":57}},"type":"binary-expr","locations":[{"start":{"line":101,"column":39},"end":{"line":101,"column":53}},{"start":{"line":101,"column":53},"end":{"line":101,"column":57}}],"line":101},"20":{"loc":{"start":{"line":103,"column":4},"end":{"line":116,"column":null}},"type":"if","locations":[{"start":{"line":103,"column":4},"end":{"line":116,"column":null}},{"start":{"line":110,"column":11},"end":{"line":116,"column":null}}],"line":103},"21":{"loc":{"start":{"line":110,"column":11},"end":{"line":116,"column":null}},"type":"if","locations":[{"start":{"line":110,"column":11},"end":{"line":116,"column":null}},{"start":{},"end":{}}],"line":110},"22":{"loc":{"start":{"line":121,"column":2},"end":{"line":127,"column":null}},"type":"if","locations":[{"start":{"line":121,"column":2},"end":{"line":127,"column":null}},{"start":{},"end":{}}],"line":121},"23":{"loc":{"start":{"line":121,"column":6},"end":{"line":121,"column":55}},"type":"binary-expr","locations":[{"start":{"line":121,"column":6},"end":{"line":121,"column":34}},{"start":{"line":121,"column":34},"end":{"line":121,"column":55}}],"line":121},"24":{"loc":{"start":{"line":130,"column":2},"end":{"line":142,"column":null}},"type":"if","locations":[{"start":{"line":130,"column":2},"end":{"line":142,"column":null}},{"start":{},"end":{}}],"line":130},"25":{"loc":{"start":{"line":132,"column":16},"end":{"line":132,"column":null}},"type":"binary-expr","locations":[{"start":{"line":132,"column":16},"end":{"line":132,"column":34}},{"start":{"line":132,"column":34},"end":{"line":132,"column":null}}],"line":132},"26":{"loc":{"start":{"line":133,"column":13},"end":{"line":133,"column":null}},"type":"binary-expr","locations":[{"start":{"line":133,"column":13},"end":{"line":133,"column":34}},{"start":{"line":133,"column":34},"end":{"line":133,"column":null}}],"line":133},"27":{"loc":{"start":{"line":135,"column":4},"end":{"line":141,"column":null}},"type":"if","locations":[{"start":{"line":135,"column":4},"end":{"line":141,"column":null}},{"start":{},"end":{}}],"line":135}},"s":{"0":6,"1":6,"2":3,"3":3,"4":3,"5":3,"6":3,"7":3,"8":3,"9":0,"10":0,"11":3,"12":3,"13":3,"14":3,"15":3,"16":3,"17":3,"18":3,"19":0,"20":0,"21":3,"22":3,"23":3,"24":0,"25":0,"26":3,"27":3,"28":3,"29":0,"30":0,"31":0,"32":0,"33":3,"34":0,"35":0,"36":0,"37":0,"38":0,"39":0,"40":0,"41":0,"42":0,"43":0,"44":0,"45":3,"46":3,"47":3,"48":3,"49":3,"50":3,"51":3,"52":3,"53":0,"54":3},"f":{"0":6,"1":3,"2":3,"3":3,"4":0,"5":3,"6":0,"7":0,"8":3},"b":{"0":[6],"1":[3,3],"2":[6,6],"3":[0,3],"4":[3,3],"5":[3,3],"6":[3,3],"7":[3,3],"8":[3,0],"9":[0,3],"10":[3,3],"11":[3,0],"12":[0,0],"13":[3,3],"14":[0,3],"15":[3,0],"16":[0,0],"17":[0,3],"18":[0,0],"19":[0,0],"20":[0,0],"21":[0,0],"22":[3,0],"23":[3,3],"24":[3,0],"25":[3,3],"26":[3,3],"27":[0,3]},"meta":{"lastBranch":28,"lastFunction":9,"lastStatement":55,"seen":{"f:12:16:12:33":0,"b:12:55:12:59":0,"s:13:19:13:Infinity":0,"b:15:2:22:Infinity:undefined:undefined:undefined:undefined":1,"s:15:2:22:Infinity":1,"b:15:6:15:15:15:15:15:34":2,"s:16:4:20:Infinity":2,"s:21:4:21:Infinity":3,"s:25:14:25:Infinity":4,"s:26:18:26:Infinity":5,"s:27:21:27:Infinity":6,"f:27:26:27:34":1,"s:27:40:27:67":7,"b:29:2:36:Infinity:undefined:undefined:undefined:undefined":3,"s:29:2:36:Infinity":8,"s:30:4:34:Infinity":9,"s:35:4:35:Infinity":10,"s:39:17:39:Infinity":11,"s:40:2:46:Infinity":12,"f:40:13:40:22":2,"s:41:4:41:Infinity":13,"b:41:24:41:41:41:41:41:Infinity":4,"s:42:4:42:Infinity":14,"b:42:19:42:31:42:31:42:Infinity":5,"s:43:4:43:Infinity":15,"b:43:21:43:35:43:35:43:Infinity":6,"s:44:4:44:Infinity":16,"b:44:23:44:39:44:39:44:Infinity":7,"s:45:4:45:Infinity":17,"b:45:18:45:34:45:34:45:Infinity":8,"b:49:2:56:Infinity:undefined:undefined:undefined:undefined":9,"s:49:2:56:Infinity":18,"b:49:6:49:24:49:24:49:61":10,"s:50:16:50:Infinity":19,"s:51:4:55:Infinity":20,"s:59:21:67:Infinity":21,"f:59:32:59:40":3,"b:60:4:60:Infinity:undefined:undefined:undefined:undefined":11,"s:60:4:60:Infinity":22,"s:60:20:60:Infinity":23,"s:61:4:65:Infinity":24,"b:63:7:63:20:63:20:63:24":12,"f:63:24:63:32":4,"s:64:8:64:Infinity":25,"s:68:21:71:Infinity":26,"f:68:32:68:Infinity":5,"s:69:20:69:Infinity":27,"b:69:29:69:50:69:50:69:Infinity":13,"b:73:2:91:Infinity:undefined:undefined:undefined:undefined":14,"s:73:2:91:Infinity":28,"b:73:6:73:24:73:24:73:40":15,"b:74:4:90:Infinity:80:11:90:Infinity":16,"s:74:4:90:Infinity":29,"s:75:6:79:Infinity":30,"s:81:12:84:Infinity":31,"s:85:6:89:Infinity":32,"b:94:2:117:Infinity:undefined:undefined:undefined:undefined":17,"s:94:2:117:Infinity":33,"s:95:22:95:Infinity":34,"s:96:23:96:Infinity":35,"s:99:6:99:Infinity":36,"f:99:16:99:24":6,"s:99:33:99:56":37,"b:99:38:99:52:99:52:99:56":18,"s:101:6:101:Infinity":38,"f:101:17:101:25":7,"s:101:34:101:57":39,"b:101:39:101:53:101:53:101:57":19,"b:103:4:116:Infinity:110:11:116:Infinity":20,"s:103:4:116:Infinity":40,"s:104:18:104:Infinity":41,"s:105:6:109:Infinity":42,"b:110:11:116:Infinity:undefined:undefined:undefined:undefined":21,"s:110:11:116:Infinity":43,"s:111:6:115:Infinity":44,"s:120:19:120:Infinity":45,"b:121:2:127:Infinity:undefined:undefined:undefined:undefined":22,"s:121:2:127:Infinity":46,"b:121:6:121:34:121:34:121:55":23,"s:122:4:126:Infinity":47,"b:130:2:142:Infinity:undefined:undefined:undefined:undefined":24,"s:130:2:142:Infinity":48,"s:131:24:134:Infinity":49,"f:131:35:131:41":8,"s:132:16:132:Infinity":50,"b:132:16:132:34:132:34:132:Infinity":25,"s:133:6:133:Infinity":51,"b:133:13:133:34:133:34:133:Infinity":26,"b:135:4:141:Infinity:undefined:undefined:undefined:undefined":27,"s:135:4:141:Infinity":52,"s:136:6:140:Infinity":53,"s:144:2:144:Infinity":54},"fnNames":{}}}
,"C:\\Users\\RUDRAKSHI\\OneDrive\\Desktop\\carbon\\src\\utils\\microActionGenerator.js": {"path":"C:\\Users\\RUDRAKSHI\\OneDrive\\Desktop\\carbon\\src\\utils\\microActionGenerator.js","statementMap":{"0":{"start":{"line":6,"column":20},"end":{"line":19,"column":null}},"1":{"start":{"line":29,"column":2},"end":{"line":53,"column":null}},"2":{"start":{"line":30,"column":21},"end":{"line":30,"column":null}},"3":{"start":{"line":31,"column":19},"end":{"line":31,"column":null}},"4":{"start":{"line":33,"column":4},"end":{"line":38,"column":null}},"5":{"start":{"line":34,"column":6},"end":{"line":34,"column":null}},"6":{"start":{"line":35,"column":6},"end":{"line":35,"column":null}},"7":{"start":{"line":36,"column":6},"end":{"line":36,"column":null}},"8":{"start":{"line":37,"column":6},"end":{"line":37,"column":null}},"9":{"start":{"line":41,"column":19},"end":{"line":41,"column":null}},"10":{"start":{"line":41,"column":57},"end":{"line":41,"column":68}},"11":{"start":{"line":42,"column":24},"end":{"line":42,"column":null}},"12":{"start":{"line":45,"column":21},"end":{"line":45,"column":null}},"13":{"start":{"line":45,"column":47},"end":{"line":45,"column":75}},"14":{"start":{"line":46,"column":4},"end":{"line":52,"column":null}},"15":{"start":{"line":48,"column":24},"end":{"line":50,"column":null}},"16":{"start":{"line":51,"column":6},"end":{"line":51,"column":null}},"17":{"start":{"line":56,"column":20},"end":{"line":58,"column":null}},"18":{"start":{"line":59,"column":2},"end":{"line":59,"column":null}}},"fnMap":{"0":{"name":"generateMicroAction","decl":{"start":{"line":27,"column":16},"end":{"line":27,"column":36}},"loc":{"start":{"line":27,"column":47},"end":{"line":60,"column":null}},"line":27},"1":{"name":"(anonymous_1)","decl":{"start":{"line":33,"column":13},"end":{"line":33,"column":22}},"loc":{"start":{"line":33,"column":30},"end":{"line":38,"column":5}},"line":33},"2":{"name":"(anonymous_2)","decl":{"start":{"line":41,"column":42},"end":{"line":41,"column":48}},"loc":{"start":{"line":41,"column":57},"end":{"line":41,"column":68}},"line":41},"3":{"name":"(anonymous_3)","decl":{"start":{"line":45,"column":33},"end":{"line":45,"column":41}},"loc":{"start":{"line":45,"column":47},"end":{"line":45,"column":75}},"line":45}},"branchMap":{"0":{"loc":{"start":{"line":27,"column":36},"end":{"line":27,"column":47}},"type":"default-arg","locations":[{"start":{"line":27,"column":43},"end":{"line":27,"column":47}}],"line":27},"1":{"loc":{"start":{"line":29,"column":2},"end":{"line":53,"column":null}},"type":"if","locations":[{"start":{"line":29,"column":2},"end":{"line":53,"column":null}},{"start":{},"end":{}}],"line":29},"2":{"loc":{"start":{"line":34,"column":26},"end":{"line":34,"column":null}},"type":"binary-expr","locations":[{"start":{"line":34,"column":26},"end":{"line":34,"column":43}},{"start":{"line":34,"column":43},"end":{"line":34,"column":null}}],"line":34},"3":{"loc":{"start":{"line":35,"column":21},"end":{"line":35,"column":null}},"type":"binary-expr","locations":[{"start":{"line":35,"column":21},"end":{"line":35,"column":33}},{"start":{"line":35,"column":33},"end":{"line":35,"column":null}}],"line":35},"4":{"loc":{"start":{"line":36,"column":23},"end":{"line":36,"column":null}},"type":"binary-expr","locations":[{"start":{"line":36,"column":23},"end":{"line":36,"column":37}},{"start":{"line":36,"column":37},"end":{"line":36,"column":null}}],"line":36},"5":{"loc":{"start":{"line":37,"column":25},"end":{"line":37,"column":null}},"type":"binary-expr","locations":[{"start":{"line":37,"column":25},"end":{"line":37,"column":41}},{"start":{"line":37,"column":41},"end":{"line":37,"column":null}}],"line":37},"6":{"loc":{"start":{"line":46,"column":4},"end":{"line":52,"column":null}},"type":"if","locations":[{"start":{"line":46,"column":4},"end":{"line":52,"column":null}},{"start":{},"end":{}}],"line":46}},"s":{"0":0,"1":0,"2":0,"3":0,"4":0,"5":0,"6":0,"7":0,"8":0,"9":0,"10":0,"11":0,"12":0,"13":0,"14":0,"15":0,"16":0,"17":0,"18":0},"f":{"0":0,"1":0,"2":0,"3":0},"b":{"0":[0],"1":[0,0],"2":[0,0],"3":[0,0],"4":[0,0],"5":[0,0],"6":[0,0]},"meta":{"lastBranch":7,"lastFunction":4,"lastStatement":19,"seen":{"s:6:20:19:Infinity":0,"f:27:16:27:36":0,"b:27:43:27:47":0,"b:29:2:53:Infinity:undefined:undefined:undefined:undefined":1,"s:29:2:53:Infinity":1,"s:30:21:30:Infinity":2,"s:31:19:31:Infinity":3,"s:33:4:38:Infinity":4,"f:33:13:33:22":1,"s:34:6:34:Infinity":5,"b:34:26:34:43:34:43:34:Infinity":2,"s:35:6:35:Infinity":6,"b:35:21:35:33:35:33:35:Infinity":3,"s:36:6:36:Infinity":7,"b:36:23:36:37:36:37:36:Infinity":4,"s:37:6:37:Infinity":8,"b:37:25:37:41:37:41:37:Infinity":5,"s:41:19:41:Infinity":9,"f:41:42:41:48":2,"s:41:57:41:68":10,"s:42:24:42:Infinity":11,"s:45:21:45:Infinity":12,"f:45:33:45:41":3,"s:45:47:45:75":13,"b:46:4:52:Infinity:undefined:undefined:undefined:undefined":6,"s:46:4:52:Infinity":14,"s:48:24:50:Infinity":15,"s:51:6:51:Infinity":16,"s:56:20:58:Infinity":17,"s:59:2:59:Infinity":18},"fnNames":{}}}
,"C:\\Users\\RUDRAKSHI\\OneDrive\\Desktop\\carbon\\src\\utils\\streakCalculator.js": {"path":"C:\\Users\\RUDRAKSHI\\OneDrive\\Desktop\\carbon\\src\\utils\\streakCalculator.js","statementMap":{"0":{"start":{"line":17,"column":2},"end":{"line":17,"column":null}},"1":{"start":{"line":17,"column":34},"end":{"line":17,"column":null}},"2":{"start":{"line":20,"column":22},"end":{"line":29,"column":null}},"3":{"start":{"line":24,"column":10},"end":{"line":24,"column":null}},"4":{"start":{"line":24,"column":25},"end":{"line":24,"column":null}},"5":{"start":{"line":25,"column":10},"end":{"line":25,"column":null}},"6":{"start":{"line":31,"column":2},"end":{"line":31,"column":null}},"7":{"start":{"line":31,"column":32},"end":{"line":31,"column":null}},"8":{"start":{"line":34,"column":19},"end":{"line":34,"column":null}},"9":{"start":{"line":35,"column":19},"end":{"line":35,"column":null}},"10":{"start":{"line":37,"column":2},"end":{"line":51,"column":null}},"11":{"start":{"line":37,"column":15},"end":{"line":37,"column":18}},"12":{"start":{"line":38,"column":17},"end":{"line":38,"column":null}},"13":{"start":{"line":39,"column":17},"end":{"line":39,"column":null}},"14":{"start":{"line":40,"column":21},"end":{"line":40,"column":null}},"15":{"start":{"line":42,"column":4},"end":{"line":46,"column":null}},"16":{"start":{"line":43,"column":6},"end":{"line":43,"column":null}},"17":{"start":{"line":45,"column":6},"end":{"line":45,"column":null}},"18":{"start":{"line":48,"column":4},"end":{"line":50,"column":null}},"19":{"start":{"line":49,"column":6},"end":{"line":49,"column":null}},"20":{"start":{"line":54,"column":8},"end":{"line":54,"column":null}},"21":{"start":{"line":55,"column":8},"end":{"line":55,"column":null}},"22":{"start":{"line":56,"column":22},"end":{"line":56,"column":null}},"23":{"start":{"line":58,"column":2},"end":{"line":73,"column":null}},"24":{"start":{"line":60,"column":4},"end":{"line":60,"column":null}},"25":{"start":{"line":61,"column":4},"end":{"line":70,"column":null}},"26":{"start":{"line":61,"column":17},"end":{"line":61,"column":41}},"27":{"start":{"line":62,"column":19},"end":{"line":62,"column":null}},"28":{"start":{"line":63,"column":19},"end":{"line":63,"column":null}},"29":{"start":{"line":64,"column":23},"end":{"line":64,"column":null}},"30":{"start":{"line":65,"column":6},"end":{"line":69,"column":null}},"31":{"start":{"line":66,"column":8},"end":{"line":66,"column":null}},"32":{"start":{"line":68,"column":8},"end":{"line":68,"column":null}},"33":{"start":{"line":72,"column":4},"end":{"line":72,"column":null}},"34":{"start":{"line":75,"column":2},"end":{"line":75,"column":null}}},"fnMap":{"0":{"name":"calculateStreak","decl":{"start":{"line":16,"column":16},"end":{"line":16,"column":32}},"loc":{"start":{"line":16,"column":38},"end":{"line":76,"column":null}},"line":16},"1":{"name":"(anonymous_1)","decl":{"start":{"line":23,"column":9},"end":{"line":23,"column":14}},"loc":{"start":{"line":23,"column":22},"end":{"line":26,"column":9}},"line":23}},"branchMap":{"0":{"loc":{"start":{"line":17,"column":2},"end":{"line":17,"column":null}},"type":"if","locations":[{"start":{"line":17,"column":2},"end":{"line":17,"column":null}},{"start":{},"end":{}}],"line":17},"1":{"loc":{"start":{"line":17,"column":6},"end":{"line":17,"column":34}},"type":"binary-expr","locations":[{"start":{"line":17,"column":6},"end":{"line":17,"column":15}},{"start":{"line":17,"column":15},"end":{"line":17,"column":34}}],"line":17},"2":{"loc":{"start":{"line":24,"column":10},"end":{"line":24,"column":null}},"type":"if","locations":[{"start":{"line":24,"column":10},"end":{"line":24,"column":null}},{"start":{},"end":{}}],"line":24},"3":{"loc":{"start":{"line":31,"column":2},"end":{"line":31,"column":null}},"type":"if","locations":[{"start":{"line":31,"column":2},"end":{"line":31,"column":null}},{"start":{},"end":{}}],"line":31},"4":{"loc":{"start":{"line":42,"column":4},"end":{"line":46,"column":null}},"type":"if","locations":[{"start":{"line":42,"column":4},"end":{"line":46,"column":null}},{"start":{"line":44,"column":11},"end":{"line":46,"column":null}}],"line":42},"5":{"loc":{"start":{"line":48,"column":4},"end":{"line":50,"column":null}},"type":"if","locations":[{"start":{"line":48,"column":4},"end":{"line":50,"column":null}},{"start":{},"end":{}}],"line":48},"6":{"loc":{"start":{"line":58,"column":2},"end":{"line":73,"column":null}},"type":"if","locations":[{"start":{"line":58,"column":2},"end":{"line":73,"column":null}},{"start":{"line":71,"column":9},"end":{"line":73,"column":null}}],"line":58},"7":{"loc":{"start":{"line":58,"column":6},"end":{"line":58,"column":58}},"type":"binary-expr","locations":[{"start":{"line":58,"column":6},"end":{"line":58,"column":31}},{"start":{"line":58,"column":31},"end":{"line":58,"column":58}}],"line":58},"8":{"loc":{"start":{"line":65,"column":6},"end":{"line":69,"column":null}},"type":"if","locations":[{"start":{"line":65,"column":6},"end":{"line":69,"column":null}},{"start":{"line":67,"column":13},"end":{"line":69,"column":null}}],"line":65}},"s":{"0":8,"1":2,"2":6,"3":15,"4":0,"5":15,"6":6,"7":0,"8":6,"9":6,"10":6,"11":6,"12":7,"13":7,"14":7,"15":7,"16":6,"17":1,"18":7,"19":5,"20":6,"21":6,"22":6,"23":6,"24":5,"25":5,"26":5,"27":5,"28":5,"29":5,"30":5,"31":4,"32":1,"33":1,"34":6},"f":{"0":8,"1":15},"b":{"0":[2,6],"1":[8,7],"2":[0,15],"3":[0,6],"4":[6,1],"5":[5,2],"6":[5,1],"7":[6,2],"8":[4,1]},"meta":{"lastBranch":9,"lastFunction":2,"lastStatement":35,"seen":{"f:16:16:16:32":0,"b:17:2:17:Infinity:undefined:undefined:undefined:undefined":0,"s:17:2:17:Infinity":0,"b:17:6:17:15:17:15:17:34":1,"s:17:34:17:Infinity":1,"s:20:22:29:Infinity":2,"f:23:9:23:14":1,"b:24:10:24:Infinity:undefined:undefined:undefined:undefined":2,"s:24:10:24:Infinity":3,"s:24:25:24:Infinity":4,"s:25:10:25:Infinity":5,"b:31:2:31:Infinity:undefined:undefined:undefined:undefined":3,"s:31:2:31:Infinity":6,"s:31:32:31:Infinity":7,"s:34:19:34:Infinity":8,"s:35:19:35:Infinity":9,"s:37:2:51:Infinity":10,"s:37:15:37:18":11,"s:38:17:38:Infinity":12,"s:39:17:39:Infinity":13,"s:40:21:40:Infinity":14,"b:42:4:46:Infinity:44:11:46:Infinity":4,"s:42:4:46:Infinity":15,"s:43:6:43:Infinity":16,"s:45:6:45:Infinity":17,"b:48:4:50:Infinity:undefined:undefined:undefined:undefined":5,"s:48:4:50:Infinity":18,"s:49:6:49:Infinity":19,"s:54:8:54:Infinity":20,"s:55:8:55:Infinity":21,"s:56:22:56:Infinity":22,"b:58:2:73:Infinity:71:9:73:Infinity":6,"s:58:2:73:Infinity":23,"b:58:6:58:31:58:31:58:58":7,"s:60:4:60:Infinity":24,"s:61:4:70:Infinity":25,"s:61:17:61:41":26,"s:62:19:62:Infinity":27,"s:63:19:63:Infinity":28,"s:64:23:64:Infinity":29,"b:65:6:69:Infinity:67:13:69:Infinity":8,"s:65:6:69:Infinity":30,"s:66:8:66:Infinity":31,"s:68:8:68:Infinity":32,"s:72:4:72:Infinity":33,"s:75:2:75:Infinity":34},"fnNames":{}}}
}
