{"total": {"lines":{"total":878,"covered":653,"skipped":0,"pct":74.37},"statements":{"total":1008,"covered":725,"skipped":0,"pct":71.92},"functions":{"total":256,"covered":173,"skipped":0,"pct":67.57},"branches":{"total":790,"covered":457,"skipped":0,"pct":57.84},"branchesTrue":{"total":0,"covered":0,"skipped":0,"pct":100}}
,"C:\\Users\\RUDRAKSHI\\OneDrive\\Desktop\\carbon\\src\\components\\Dashboard\\Dashboard.jsx": {"lines":{"total":28,"covered":28,"skipped":0,"pct":100},"functions":{"total":12,"covered":12,"skipped":0,"pct":100},"statements":{"total":34,"covered":34,"skipped":0,"pct":100},"branches":{"total":49,"covered":45,"skipped":0,"pct":91.83}}
,"C:\\Users\\RUDRAKSHI\\OneDrive\\Desktop\\carbon\\src\\components\\Dashboard\\WeeklyStory.jsx": {"lines":{"total":68,"covered":33,"skipped":0,"pct":48.52},"functions":{"total":16,"covered":6,"skipped":0,"pct":37.5},"statements":{"total":78,"covered":35,"skipped":0,"pct":44.87},"branches":{"total":46,"covered":23,"skipped":0,"pct":50}}
,"C:\\Users\\RUDRAKSHI\\OneDrive\\Desktop\\carbon\\src\\components\\Habitat\\habitatEngine.js": {"lines":{"total":109,"covered":85,"skipped":0,"pct":77.98},"functions":{"total":15,"covered":13,"skipped":0,"pct":86.66},"statements":{"total":118,"covered":91,"skipped":0,"pct":77.11},"branches":{"total":105,"covered":64,"skipped":0,"pct":60.95}}
,"C:\\Users\\RUDRAKSHI\\OneDrive\\Desktop\\carbon\\src\\components\\Leaderboard\\Leaderboard.jsx": {"lines":{"total":77,"covered":47,"skipped":0,"pct":61.03},"functions":{"total":38,"covered":25,"skipped":0,"pct":65.78},"statements":{"total":85,"covered":50,"skipped":0,"pct":58.82},"branches":{"total":69,"covered":29,"skipped":0,"pct":42.02}}
,"C:\\Users\\RUDRAKSHI\\OneDrive\\Desktop\\carbon\\src\\components\\Onboarding\\OnboardingQuiz.jsx": {"lines":{"total":73,"covered":65,"skipped":0,"pct":89.04},"functions":{"total":24,"covered":23,"skipped":0,"pct":95.83},"statements":{"total":82,"covered":73,"skipped":0,"pct":89.02},"branches":{"total":43,"covered":34,"skipped":0,"pct":79.06}}
,"C:\\Users\\RUDRAKSHI\\OneDrive\\Desktop\\carbon\\src\\components\\QuickLog\\MicroAction.jsx": {"lines":{"total":10,"covered":10,"skipped":0,"pct":100},"functions":{"total":4,"covered":3,"skipped":0,"pct":75},"statements":{"total":14,"covered":13,"skipped":0,"pct":92.85},"branches":{"total":14,"covered":13,"skipped":0,"pct":92.85}}
,"C:\\Users\\RUDRAKSHI\\OneDrive\\Desktop\\carbon\\src\\components\\QuickLog\\QuickLog.jsx": {"lines":{"total":161,"covered":80,"skipped":0,"pct":49.68},"functions":{"total":61,"covered":24,"skipped":0,"pct":39.34},"statements":{"total":182,"covered":86,"skipped":0,"pct":47.25},"branches":{"total":146,"covered":39,"skipped":0,"pct":26.71}}
,"C:\\Users\\RUDRAKSHI\\OneDrive\\Desktop\\carbon\\src\\components\\Suggestions\\Suggestions.jsx": {"lines":{"total":21,"covered":21,"skipped":0,"pct":100},"functions":{"total":7,"covered":7,"skipped":0,"pct":100},"statements":{"total":21,"covered":21,"skipped":0,"pct":100},"branches":{"total":13,"covered":8,"skipped":0,"pct":61.53}}
,"C:\\Users\\RUDRAKSHI\\OneDrive\\Desktop\\carbon\\src\\components\\UI\\BottomNav.jsx": {"lines":{"total":42,"covered":33,"skipped":0,"pct":78.57},"functions":{"total":10,"covered":10,"skipped":0,"pct":100},"statements":{"total":49,"covered":37,"skipped":0,"pct":75.51},"branches":{"total":31,"covered":15,"skipped":0,"pct":48.38}}
,"C:\\Users\\RUDRAKSHI\\OneDrive\\Desktop\\carbon\\src\\components\\UI\\Confetti.jsx": {"lines":{"total":13,"covered":6,"skipped":0,"pct":46.15},"functions":{"total":8,"covered":3,"skipped":0,"pct":37.5},"statements":{"total":19,"covered":8,"skipped":0,"pct":42.1},"branches":{"total":4,"covered":2,"skipped":0,"pct":50}}
,"C:\\Users\\RUDRAKSHI\\OneDrive\\Desktop\\carbon\\src\\components\\UI\\Toast.jsx": {"lines":{"total":23,"covered":18,"skipped":0,"pct":78.26},"functions":{"total":10,"covered":6,"skipped":0,"pct":60},"statements":{"total":28,"covered":21,"skipped":0,"pct":75},"branches":{"total":21,"covered":15,"skipped":0,"pct":71.42}}
,"C:\\Users\\RUDRAKSHI\\OneDrive\\Desktop\\carbon\\src\\data\\emissionFactors.js": {"lines":{"total":6,"covered":6,"skipped":0,"pct":100},"functions":{"total":0,"covered":0,"skipped":0,"pct":100},"statements":{"total":6,"covered":6,"skipped":0,"pct":100},"branches":{"total":0,"covered":0,"skipped":0,"pct":100}}
,"C:\\Users\\RUDRAKSHI\\OneDrive\\Desktop\\carbon\\src\\data\\regionTargets.js": {"lines":{"total":4,"covered":3,"skipped":0,"pct":75},"functions":{"total":2,"covered":1,"skipped":0,"pct":50},"statements":{"total":4,"covered":3,"skipped":0,"pct":75},"branches":{"total":4,"covered":1,"skipped":0,"pct":25}}
,"C:\\Users\\RUDRAKSHI\\OneDrive\\Desktop\\carbon\\src\\utils\\carbonCalculator.js": {"lines":{"total":84,"covered":77,"skipped":0,"pct":91.66},"functions":{"total":17,"covered":16,"skipped":0,"pct":94.11},"statements":{"total":113,"covered":93,"skipped":0,"pct":82.3},"branches":{"total":80,"covered":48,"skipped":0,"pct":60}}
,"C:\\Users\\RUDRAKSHI\\OneDrive\\Desktop\\carbon\\src\\utils\\insightGenerator.js": {"lines":{"total":51,"covered":46,"skipped":0,"pct":90.19},"functions":{"total":9,"covered":9,"skipped":0,"pct":100},"statements":{"total":55,"covered":50,"skipped":0,"pct":90.9},"branches":{"total":55,"covered":45,"skipped":0,"pct":81.81}}
,"C:\\Users\\RUDRAKSHI\\OneDrive\\Desktop\\carbon\\src\\utils\\microActionGenerator.js": {"lines":{"total":17,"covered":17,"skipped":0,"pct":100},"functions":{"total":4,"covered":4,"skipped":0,"pct":100},"statements":{"total":19,"covered":19,"skipped":0,"pct":100},"branches":{"total":13,"covered":10,"skipped":0,"pct":76.92}}
,"C:\\Users\\RUDRAKSHI\\OneDrive\\Desktop\\carbon\\src\\utils\\security.js": {"lines":{"total":61,"covered":48,"skipped":0,"pct":78.68},"functions":{"total":17,"covered":9,"skipped":0,"pct":52.94},"statements":{"total":66,"covered":52,"skipped":0,"pct":78.78},"branches":{"total":79,"covered":50,"skipped":0,"pct":63.29}}
,"C:\\Users\\RUDRAKSHI\\OneDrive\\Desktop\\carbon\\src\\utils\\streakCalculator.js": {"lines":{"total":30,"covered":30,"skipped":0,"pct":100},"functions":{"total":2,"covered":2,"skipped":0,"pct":100},"statements":{"total":35,"covered":33,"skipped":0,"pct":94.28},"branches":{"total":18,"covered":16,"skipped":0,"pct":88.88}}
}
